<?xml version="1.0" encoding="UTF-8"?>
<Site BuildName="Linux-c++"
	BuildStamp="20230217-1136-Experimental"
	Name="localhost.localdomain"
	Generator="ctest-3.22.0"
	CompilerName="/usr/bin/c++"
	CompilerVersion="10.3.1"
	OSName="Linux"
	Hostname="localhost.localdomain"
	OSRelease="5.10.0-106.18.0.68.oe2209.x86_64"
	OSVersion="#1 SMP Wed Sep 28 07:03:00 UTC 2022"
	OSPlatform="x86_64"
	Is64Bits="1"
	VendorString="GenuineIntel"
	VendorID="Intel Corporation"
	FamilyID="6"
	ModelID="142"
	ProcessorCacheSize="3072"
	NumberOfLogicalCPU="2"
	NumberOfPhysicalCPU="2"
	TotalVirtualMemory="2071"
	TotalPhysicalMemory="1429"
	LogicalProcessorsPerPhysical="1"
	ProcessorClockFrequency="2712"
	>
	<DynamicAnalysis Checker="Valgrind">
		<StartDateTime>Feb 17 19:36 CST</StartDateTime>
		<StartTestTime>1676633806</StartTestTime>
		<TestList>
			<Test>./test/cutils/mainloop/mainloop_ut</Test>
			<Test>./test/cutils/utils_string/utils_string_ut</Test>
			<Test>./test/cutils/utils_convert/utils_convert_ut</Test>
			<Test>./test/cutils/utils_array/utils_array_ut</Test>
			<Test>./test/cutils/utils_base64/utils_base64_ut</Test>
			<Test>./test/cutils/utils_pwgr/utils_pwgr_ut</Test>
			<Test>./test/cutils/utils_namespace/utils_namespace_ut</Test>
			<Test>./test/cutils/utils_aes/utils_aes_ut</Test>
			<Test>./test/cutils/utils_error/utils_error_ut</Test>
			<Test>./test/cutils/utils_fs/utils_fs_ut</Test>
			<Test>./test/cutils/utils_file/utils_file_ut</Test>
			<Test>./test/cutils/utils_filters/utils_filters_ut</Test>
			<Test>./test/cutils/utils_timestamp/utils_timestamp_ut</Test>
			<Test>./test/cutils/utils_mount_spec/utils_mount_spec_ut</Test>
			<Test>./test/cutils/utils_regex/utils_regex_ut</Test>
			<Test>./test/cutils/utils_utils/utils_utils_ut</Test>
			<Test>./test/cutils/utils_verify/utils_verify_ut</Test>
			<Test>./test/cutils/utils_network/utils_network_ut</Test>
			<Test>./test/image/oci/oci_config_merge/oci_config_merge_ut</Test>
			<Test>./test/image/oci/storage/images/storage_images_ut</Test>
			<Test>./test/image/oci/storage/rootfs/storage_rootfs_ut</Test>
			<Test>./test/image/oci/storage/layers/storage_driver_ut</Test>
			<Test>./test/image/oci/storage/layers/storage_layers_ut</Test>
			<Test>./test/image/oci/registry/registry_images_ut</Test>
			<Test>./test/cmd/isula/information/ps/ps_ut</Test>
			<Test>./test/cmd/isula/information/info/info_ut</Test>
			<Test>./test/cmd/isula/extend/pause/pause_ut</Test>
			<Test>./test/cmd/isula/extend/resume/resume_ut</Test>
			<Test>./test/cmd/isula/utils/client_show_format/client_show_format_ut</Test>
			<Test>./test/cmd/isula/utils/template_string_parse/template_string_parse_ut</Test>
			<Test>./test/cmd/isulad-shim/isulad-shim_ut</Test>
			<Test>./test/runtime/lcr/lcr_rt_ops_ut</Test>
			<Test>./test/runtime/isula/isula_rt_ops_ut</Test>
			<Test>./test/specs/specs/specs_ut</Test>
			<Test>./test/specs/specs_extend/specs_extend_ut</Test>
			<Test>./test/services/execution/spec/selinux_label_ut</Test>
			<Test>./test/services/execution/spec/selinux_label_mock_ut</Test>
			<Test>./test/services/execution/execute/execution_extend/execution_extend_ut</Test>
			<Test>./test/network/network_ns_ut</Test>
			<Test>./test/volume/volume_ut</Test>
			<Test>./test/cgroup/cpu/cgroup_cpu_ut</Test>
		</TestList>
		<Test Status="failed">
			<Name>mainloop_ut</Name>
			<Path>./test/cutils/mainloop</Path>
			<FullName>./test/cutils/mainloop/mainloop_ut</FullName>
			<FullCommandLine>/usr/bin/valgrind "--log-file=/root/iSulad/test/Testing/Temporary/MemoryChecker.1.log" "-q" "--tool=memcheck" "--leak-check=yes" "--show-reachable=yes" "--num-callers=50" "/root/iSulad/test/test/cutils/mainloop/mainloop_ut" "--gtest_output=xml:mainloop_ut-Results.xml"</FullCommandLine>
			<Results/>
			<Log compression="gzip" encoding="base64">eJyFVMtu2zAQvPsr9lYbsAQ0CYxAt6JN0EPQFk37AZS4kthQuwK59OPvu5STWK6bVidK5Mzuzgy12BrfBUe2Arg3YjxgCBzACEQxQdJYgYE2USOOCQJaF3BaL2bIXe+aHlyEwZA1wuEArZJIr59Gb0RfhkKYPTQ81I7MnwSNIWKBGiGiQBpLgE8oxvkI3CoPziuDCVjN0fP1BxhSlKLG4gWB9rX/8545IpAZULuWpsc41RmNCAbSA/mJEjyewZyWJ+D6lzLDzkkPkU8kjrqM9LbwjtK+2N9uis1NGbm8OqttIuR5W05ks3o+CoyBG4xRKeZH42GoWWVoAw9Tg5elq//Wm6+/sdaoPULr9hgrWL5fQ+w5COjcw6rSCdV576Hzrm7eRbBYp85Ry3OW0TRPptNu6OjyYPLwqL4tr9bgmToML4QmPj1LO2FCnBPlnBw4BXjIA4B1Krmr0+SzsKYHjdqkqrdJUtB89G7URBJTcSaTosZRrfZWp4elsu56I7jNbWhte1ClXAMq05N+yme060bnRLuaE4miAPejCnIMhKl5i0XW+ZQjSNmmaVu10sgHe55m7/N+w7RFyoB4eR9Uqh8nUbIGQIhnPDr/ixkZroapW6tT429ZDPCV9P7UztAaftaJJD3nefZkdzeFrbsL5GN6vFsDj0jH1T1aDmYN3z/fPeQzUzCKv8Zivv7Cgkc5XTuNp9f2GKYui2Pg+gpq95r7HCUzx29upu14iILDemLYOZUiq6TohkPAODLZzPbM9c+sLrHsytPclbu+3azKt9r/ePwlqYeiyUQoCo2Fk1yMeKfuPWoDh3Kx+A1YBM8e====</Log>
		</Test>
		<Test Status="failed">
			<Name>utils_string_ut</Name>
			<Path>./test/cutils/utils_string</Path>
			<FullName>./test/cutils/utils_string/utils_string_ut</FullName>
			<FullCommandLine>/usr/bin/valgrind "--log-file=/root/iSulad/test/Testing/Temporary/MemoryChecker.2.log" "-q" "--tool=memcheck" "--leak-check=yes" "--show-reachable=yes" "--num-callers=50" "/root/iSulad/test/test/cutils/utils_string/utils_string_ut" "--gtest_output=xml:utils_string_ut-Results.xml"</FullCommandLine>
			<Results/>
			<Log compression="gzip" encoding="base64">eJyFVMtu2zAQvPsr9lYbsAQ0CYxAt6JN0EPQFk37AZS4kthQuwK59OPvu5STWK6bVidK5Mzuzgy12BrfBUe2Arg3YjxgCBzACEQxQdJYgYE2USOOCQJaF3BaL2bIXe+aHlyEwZA1wuEArZJIr59Gb0RfhkKYPTQ81I7MnwSNIWKBGiGiQBpLgE8oxvkI3CoPziuDCVjN0fP1BxhSlKLG4gWB9rX/8545IpAZULuWpsc41RmNCAbSA/mJEjyewZyWJ+D6lzLDzkkPkU8kjrqM9LbwjtK+2N9uis1NGbm8OqttIuR5W05ks3o+CoyBG4xRKeZH42GoWWVoAw9Tg5elq//Wm6+/sdaoPULr9hgrWL5fQ+w5COjcw6rSCdV576Hzrm7eRbBYp85Ry3OW0TRPptNu6OjyYPLwqL4tr9bgmToML4QmPj1LO2FCnBPlnBw4BXjIA4B1Krmr0+SzsKYHjdqkqrdJUtB89G7URBJTcSaTosZRrfZWp4elsu56I7jNbWhte1ClXAMq05N+yme060bnRLuaE4miAPejCnIMhKl5i0XW+ZQjSNmmaVu10sgHe55m7/N+w7RFyoB4eR9Uqh8nUbIGQIhnPDr/ixkZroapW6tT429ZDPCV9P7UztAaftaJJD3nefZkdzeFrbsL5GN6vFsDj0jH1T1aDmYN3z/fPeQzUzCKv8Zivv7Cgkc5XTuNp9f2GKYui2Pg+gpq95r7HCUzx29upu14iILDemLYOZUiq6TohkPAODLZzPbM9c+sLrHsytPclbu+3azKt9r/ePwlqYeiyUQoCo2Fk1yMeKfuPWoDh3Kx+A1YBM8e====</Log>
		</Test>
		<Test Status="failed">
			<Name>utils_convert_ut</Name>
			<Path>./test/cutils/utils_convert</Path>
			<FullName>./test/cutils/utils_convert/utils_convert_ut</FullName>
			<FullCommandLine>/usr/bin/valgrind "--log-file=/root/iSulad/test/Testing/Temporary/MemoryChecker.3.log" "-q" "--tool=memcheck" "--leak-check=yes" "--show-reachable=yes" "--num-callers=50" "/root/iSulad/test/test/cutils/utils_convert/utils_convert_ut" "--gtest_output=xml:utils_convert_ut-Results.xml"</FullCommandLine>
			<Results/>
			<Log compression="gzip" encoding="base64">eJyFVMtu2zAQvPsr9lYbsAQ0CYxAt6JN0EPQFk37AZS4kthQuwK59OPvu5STWK6bVidK5Mzuzgy12BrfBUe2Arg3YjxgCBzACEQxQdJYgYE2USOOCQJaF3BaL2bIXe+aHlyEwZA1wuEArZJIr59Gb0RfhkKYPTQ81I7MnwSNIWKBGiGiQBpLgE8oxvkI3CoPziuDCVjN0fP1BxhSlKLG4gWB9rX/8545IpAZULuWpsc41RmNCAbSA/mJEjyewZyWJ+D6lzLDzkkPkU8kjrqM9LbwjtK+2N9uis1NGbm8OqttIuR5W05ks3o+CoyBG4xRKeZH42GoWWVoAw9Tg5elq//Wm6+/sdaoPULr9hgrWL5fQ+w5COjcw6rSCdV576Hzrm7eRbBYp85Ry3OW0TRPptNu6OjyYPLwqL4tr9bgmToML4QmPj1LO2FCnBPlnBw4BXjIA4B1Krmr0+SzsKYHjdqkqrdJUtB89G7URBJTcSaTosZRrfZWp4elsu56I7jNbWhte1ClXAMq05N+yme060bnRLuaE4miAPejCnIMhKl5i0XW+ZQjSNmmaVu10sgHe55m7/N+w7RFyoB4eR9Uqh8nUbIGQIhnPDr/ixkZroapW6tT429ZDPCV9P7UztAaftaJJD3nefZkdzeFrbsL5GN6vFsDj0jH1T1aDmYN3z/fPeQzUzCKv8Zivv7Cgkc5XTuNp9f2GKYui2Pg+gpq95r7HCUzx29upu14iILDemLYOZUiq6TohkPAODLZzPbM9c+sLrHsytPclbu+3azKt9r/ePwlqYeiyUQoCo2Fk1yMeKfuPWoDh3Kx+A1YBM8e====</Log>
		</Test>
		<Test Status="failed">
			<Name>utils_array_ut</Name>
			<Path>./test/cutils/utils_array</Path>
			<FullName>./test/cutils/utils_array/utils_array_ut</FullName>
			<FullCommandLine>/usr/bin/valgrind "--log-file=/root/iSulad/test/Testing/Temporary/MemoryChecker.4.log" "-q" "--tool=memcheck" "--leak-check=yes" "--show-reachable=yes" "--num-callers=50" "/root/iSulad/test/test/cutils/utils_array/utils_array_ut" "--gtest_output=xml:utils_array_ut-Results.xml"</FullCommandLine>
			<Results/>
			<Log compression="gzip" encoding="base64">eJyFVMtu2zAQvPsr9lYbsAQ0CYxAt6JN0EPQFk37AZS4kthQuwK59OPvu5STWK6bVidK5Mzuzgy12BrfBUe2Arg3YjxgCBzACEQxQdJYgYE2USOOCQJaF3BaL2bIXe+aHlyEwZA1wuEArZJIr59Gb0RfhkKYPTQ81I7MnwSNIWKBGiGiQBpLgE8oxvkI3CoPziuDCVjN0fP1BxhSlKLG4gWB9rX/8545IpAZULuWpsc41RmNCAbSA/mJEjyewZyWJ+D6lzLDzkkPkU8kjrqM9LbwjtK+2N9uis1NGbm8OqttIuR5W05ks3o+CoyBG4xRKeZH42GoWWVoAw9Tg5elq//Wm6+/sdaoPULr9hgrWL5fQ+w5COjcw6rSCdV576Hzrm7eRbBYp85Ry3OW0TRPptNu6OjyYPLwqL4tr9bgmToML4QmPj1LO2FCnBPlnBw4BXjIA4B1Krmr0+SzsKYHjdqkqrdJUtB89G7URBJTcSaTosZRrfZWp4elsu56I7jNbWhte1ClXAMq05N+yme060bnRLuaE4miAPejCnIMhKl5i0XW+ZQjSNmmaVu10sgHe55m7/N+w7RFyoB4eR9Uqh8nUbIGQIhnPDr/ixkZroapW6tT429ZDPCV9P7UztAaftaJJD3nefZkdzeFrbsL5GN6vFsDj0jH1T1aDmYN3z/fPeQzUzCKv8Zivv7Cgkc5XTuNp9f2GKYui2Pg+gpq95r7HCUzx29upu14iILDemLYOZUiq6TohkPAODLZzPbM9c+sLrHsytPclbu+3azKt9r/ePwlqYeiyUQoCo2Fk1yMeKfuPWoDh3Kx+A1YBM8e====</Log>
		</Test>
		<Test Status="failed">
			<Name>utils_base64_ut</Name>
			<Path>./test/cutils/utils_base64</Path>
			<FullName>./test/cutils/utils_base64/utils_base64_ut</FullName>
			<FullCommandLine>/usr/bin/valgrind "--log-file=/root/iSulad/test/Testing/Temporary/MemoryChecker.5.log" "-q" "--tool=memcheck" "--leak-check=yes" "--show-reachable=yes" "--num-callers=50" "/root/iSulad/test/test/cutils/utils_base64/utils_base64_ut" "--gtest_output=xml:utils_base64_ut-Results.xml"</FullCommandLine>
			<Results/>
			<Log compression="gzip" encoding="base64">eJyFVMtu2zAQvPsr9lYbsAQ0CYxAt6JN0EPQFk37AZS4kthQuwK59OPvu5STWK6bVidK5Mzuzgy12BrfBUe2Arg3YjxgCBzACEQxQdJYgYE2USOOCQJaF3BaL2bIXe+aHlyEwZA1wuEArZJIr59Gb0RfhkKYPTQ81I7MnwSNIWKBGiGiQBpLgE8oxvkI3CoPziuDCVjN0fP1BxhSlKLG4gWB9rX/8545IpAZULuWpsc41RmNCAbSA/mJEjyewZyWJ+D6lzLDzkkPkU8kjrqM9LbwjtK+2N9uis1NGbm8OqttIuR5W05ks3o+CoyBG4xRKeZH42GoWWVoAw9Tg5elq//Wm6+/sdaoPULr9hgrWL5fQ+w5COjcw6rSCdV576Hzrm7eRbBYp85Ry3OW0TRPptNu6OjyYPLwqL4tr9bgmToML4QmPj1LO2FCnBPlnBw4BXjIA4B1Krmr0+SzsKYHjdqkqrdJUtB89G7URBJTcSaTosZRrfZWp4elsu56I7jNbWhte1ClXAMq05N+yme060bnRLuaE4miAPejCnIMhKl5i0XW+ZQjSNmmaVu10sgHe55m7/N+w7RFyoB4eR9Uqh8nUbIGQIhnPDr/ixkZroapW6tT429ZDPCV9P7UztAaftaJJD3nefZkdzeFrbsL5GN6vFsDj0jH1T1aDmYN3z/fPeQzUzCKv8Zivv7Cgkc5XTuNp9f2GKYui2Pg+gpq95r7HCUzx29upu14iILDemLYOZUiq6TohkPAODLZzPbM9c+sLrHsytPclbu+3azKt9r/ePwlqYeiyUQoCo2Fk1yMeKfuPWoDh3Kx+A1YBM8e====</Log>
		</Test>
		<Test Status="failed">
			<Name>utils_pwgr_ut</Name>
			<Path>./test/cutils/utils_pwgr</Path>
			<FullName>./test/cutils/utils_pwgr/utils_pwgr_ut</FullName>
			<FullCommandLine>/usr/bin/valgrind "--log-file=/root/iSulad/test/Testing/Temporary/MemoryChecker.6.log" "-q" "--tool=memcheck" "--leak-check=yes" "--show-reachable=yes" "--num-callers=50" "/root/iSulad/test/test/cutils/utils_pwgr/utils_pwgr_ut" "--gtest_output=xml:utils_pwgr_ut-Results.xml"</FullCommandLine>
			<Results/>
			<Log compression="gzip" encoding="base64">eJyFVMtu2zAQvPsr9lYbsAQ0CYxAt6JN0EPQFk37AZS4kthQuwK59OPvu5STWK6bVidK5Mzuzgy12BrfBUe2Arg3YjxgCBzACEQxQdJYgYE2USOOCQJaF3BaL2bIXe+aHlyEwZA1wuEArZJIr59Gb0RfhkKYPTQ81I7MnwSNIWKBGiGiQBpLgE8oxvkI3CoPziuDCVjN0fP1BxhSlKLG4gWB9rX/8545IpAZULuWpsc41RmNCAbSA/mJEjyewZyWJ+D6lzLDzkkPkU8kjrqM9LbwjtK+2N9uis1NGbm8OqttIuR5W05ks3o+CoyBG4xRKeZH42GoWWVoAw9Tg5elq//Wm6+/sdaoPULr9hgrWL5fQ+w5COjcw6rSCdV576Hzrm7eRbBYp85Ry3OW0TRPptNu6OjyYPLwqL4tr9bgmToML4QmPj1LO2FCnBPlnBw4BXjIA4B1Krmr0+SzsKYHjdqkqrdJUtB89G7URBJTcSaTosZRrfZWp4elsu56I7jNbWhte1ClXAMq05N+yme060bnRLuaE4miAPejCnIMhKl5i0XW+ZQjSNmmaVu10sgHe55m7/N+w7RFyoB4eR9Uqh8nUbIGQIhnPDr/ixkZroapW6tT429ZDPCV9P7UztAaftaJJD3nefZkdzeFrbsL5GN6vFsDj0jH1T1aDmYN3z/fPeQzUzCKv8Zivv7Cgkc5XTuNp9f2GKYui2Pg+gpq95r7HCUzx29upu14iILDemLYOZUiq6TohkPAODLZzPbM9c+sLrHsytPclbu+3azKt9r/ePwlqYeiyUQoCo2Fk1yMeKfuPWoDh3Kx+A1YBM8e====</Log>
		</Test>
		<Test Status="failed">
			<Name>utils_namespace_ut</Name>
			<Path>./test/cutils/utils_namespace</Path>
			<FullName>./test/cutils/utils_namespace/utils_namespace_ut</FullName>
			<FullCommandLine>/usr/bin/valgrind "--log-file=/root/iSulad/test/Testing/Temporary/MemoryChecker.7.log" "-q" "--tool=memcheck" "--leak-check=yes" "--show-reachable=yes" "--num-callers=50" "/root/iSulad/test/test/cutils/utils_namespace/utils_namespace_ut" "--gtest_output=xml:utils_namespace_ut-Results.xml"</FullCommandLine>
			<Results/>
			<Log compression="gzip" encoding="base64">eJyFVMtu2zAQvPsr9lYbsAQ0CYxAt6JN0EPQFk37AZS4kthQuwK59OPvu5STWK6bVidK5Mzuzgy12BrfBUe2Arg3YjxgCBzACEQxQdJYgYE2USOOCQJaF3BaL2bIXe+aHlyEwZA1wuEArZJIr59Gb0RfhkKYPTQ81I7MnwSNIWKBGiGiQBpLgE8oxvkI3CoPziuDCVjN0fP1BxhSlKLG4gWB9rX/8545IpAZULuWpsc41RmNCAbSA/mJEjyewZyWJ+D6lzLDzkkPkU8kjrqM9LbwjtK+2N9uis1NGbm8OqttIuR5W05ks3o+CoyBG4xRKeZH42GoWWVoAw9Tg5elq//Wm6+/sdaoPULr9hgrWL5fQ+w5COjcw6rSCdV576Hzrm7eRbBYp85Ry3OW0TRPptNu6OjyYPLwqL4tr9bgmToML4QmPj1LO2FCnBPlnBw4BXjIA4B1Krmr0+SzsKYHjdqkqrdJUtB89G7URBJTcSaTosZRrfZWp4elsu56I7jNbWhte1ClXAMq05N+yme060bnRLuaE4miAPejCnIMhKl5i0XW+ZQjSNmmaVu10sgHe55m7/N+w7RFyoB4eR9Uqh8nUbIGQIhnPDr/ixkZroapW6tT429ZDPCV9P7UztAaftaJJD3nefZkdzeFrbsL5GN6vFsDj0jH1T1aDmYN3z/fPeQzUzCKv8Zivv7Cgkc5XTuNp9f2GKYui2Pg+gpq95r7HCUzx29upu14iILDemLYOZUiq6TohkPAODLZzPbM9c+sLrHsytPclbu+3azKt9r/ePwlqYeiyUQoCo2Fk1yMeKfuPWoDh3Kx+A1YBM8e====</Log>
		</Test>
		<Test Status="failed">
			<Name>utils_aes_ut</Name>
			<Path>./test/cutils/utils_aes</Path>
			<FullName>./test/cutils/utils_aes/utils_aes_ut</FullName>
			<FullCommandLine>/usr/bin/valgrind "--log-file=/root/iSulad/test/Testing/Temporary/MemoryChecker.8.log" "-q" "--tool=memcheck" "--leak-check=yes" "--show-reachable=yes" "--num-callers=50" "/root/iSulad/test/test/cutils/utils_aes/utils_aes_ut" "--gtest_output=xml:utils_aes_ut-Results.xml"</FullCommandLine>
			<Results/>
			<Log compression="gzip" encoding="base64">eJyFVMtu2zAQvPsr9lYbsAQ0CYxAt6JN0EPQFk37AZS4kthQuwK59OPvu5STWK6bVidK5Mzuzgy12BrfBUe2Arg3YjxgCBzACEQxQdJYgYE2USOOCQJaF3BaL2bIXe+aHlyEwZA1wuEArZJIr59Gb0RfhkKYPTQ81I7MnwSNIWKBGiGiQBpLgE8oxvkI3CoPziuDCVjN0fP1BxhSlKLG4gWB9rX/8545IpAZULuWpsc41RmNCAbSA/mJEjyewZyWJ+D6lzLDzkkPkU8kjrqM9LbwjtK+2N9uis1NGbm8OqttIuR5W05ks3o+CoyBG4xRKeZH42GoWWVoAw9Tg5elq//Wm6+/sdaoPULr9hgrWL5fQ+w5COjcw6rSCdV576Hzrm7eRbBYp85Ry3OW0TRPptNu6OjyYPLwqL4tr9bgmToML4QmPj1LO2FCnBPlnBw4BXjIA4B1Krmr0+SzsKYHjdqkqrdJUtB89G7URBJTcSaTosZRrfZWp4elsu56I7jNbWhte1ClXAMq05N+yme060bnRLuaE4miAPejCnIMhKl5i0XW+ZQjSNmmaVu10sgHe55m7/N+w7RFyoB4eR9Uqh8nUbIGQIhnPDr/ixkZroapW6tT429ZDPCV9P7UztAaftaJJD3nefZkdzeFrbsL5GN6vFsDj0jH1T1aDmYN3z/fPeQzUzCKv8Zivv7Cgkc5XTuNp9f2GKYui2Pg+gpq95r7HCUzx29upu14iILDemLYOZUiq6TohkPAODLZzPbM9c+sLrHsytPclbu+3azKt9r/ePwlqYeiyUQoCo2Fk1yMeKfuPWoDh3Kx+A1YBM8e====</Log>
		</Test>
		<Test Status="failed">
			<Name>utils_error_ut</Name>
			<Path>./test/cutils/utils_error</Path>
			<FullName>./test/cutils/utils_error/utils_error_ut</FullName>
			<FullCommandLine>/usr/bin/valgrind "--log-file=/root/iSulad/test/Testing/Temporary/MemoryChecker.9.log" "-q" "--tool=memcheck" "--leak-check=yes" "--show-reachable=yes" "--num-callers=50" "/root/iSulad/test/test/cutils/utils_error/utils_error_ut" "--gtest_output=xml:utils_error_ut-Results.xml"</FullCommandLine>
			<Results/>
			<Log compression="gzip" encoding="base64">eJyFVMtu2zAQvPsr9lYbsAQ0CYxAt6JN0EPQFk37AZS4kthQuwK59OPvu5STWK6bVidK5Mzuzgy12BrfBUe2Arg3YjxgCBzACEQxQdJYgYE2USOOCQJaF3BaL2bIXe+aHlyEwZA1wuEArZJIr59Gb0RfhkKYPTQ81I7MnwSNIWKBGiGiQBpLgE8oxvkI3CoPziuDCVjN0fP1BxhSlKLG4gWB9rX/8545IpAZULuWpsc41RmNCAbSA/mJEjyewZyWJ+D6lzLDzkkPkU8kjrqM9LbwjtK+2N9uis1NGbm8OqttIuR5W05ks3o+CoyBG4xRKeZH42GoWWVoAw9Tg5elq//Wm6+/sdaoPULr9hgrWL5fQ+w5COjcw6rSCdV576Hzrm7eRbBYp85Ry3OW0TRPptNu6OjyYPLwqL4tr9bgmToML4QmPj1LO2FCnBPlnBw4BXjIA4B1Krmr0+SzsKYHjdqkqrdJUtB89G7URBJTcSaTosZRrfZWp4elsu56I7jNbWhte1ClXAMq05N+yme060bnRLuaE4miAPejCnIMhKl5i0XW+ZQjSNmmaVu10sgHe55m7/N+w7RFyoB4eR9Uqh8nUbIGQIhnPDr/ixkZroapW6tT429ZDPCV9P7UztAaftaJJD3nefZkdzeFrbsL5GN6vFsDj0jH1T1aDmYN3z/fPeQzUzCKv8Zivv7Cgkc5XTuNp9f2GKYui2Pg+gpq95r7HCUzx29upu14iILDemLYOZUiq6TohkPAODLZzPbM9c+sLrHsytPclbu+3azKt9r/ePwlqYeiyUQoCo2Fk1yMeKfuPWoDh3Kx+A1YBM8e====</Log>
		</Test>
		<Test Status="failed">
			<Name>utils_fs_ut</Name>
			<Path>./test/cutils/utils_fs</Path>
			<FullName>./test/cutils/utils_fs/utils_fs_ut</FullName>
			<FullCommandLine>/usr/bin/valgrind "--log-file=/root/iSulad/test/Testing/Temporary/MemoryChecker.10.log" "-q" "--tool=memcheck" "--leak-check=yes" "--show-reachable=yes" "--num-callers=50" "/root/iSulad/test/test/cutils/utils_fs/utils_fs_ut" "--gtest_output=xml:utils_fs_ut-Results.xml"</FullCommandLine>
			<Results/>
			<Log compression="gzip" encoding="base64">eJyFVMtu2zAQvPsr9lYbsAQ0CYxAt6JN0EPQFk37AZS4kthQuwK59OPvu5STWK6bVidK5Mzuzgy12BrfBUe2Arg3YjxgCBzACEQxQdJYgYE2USOOCQJaF3BaL2bIXe+aHlyEwZA1wuEArZJIr59Gb0RfhkKYPTQ81I7MnwSNIWKBGiGiQBpLgE8oxvkI3CoPziuDCVjN0fP1BxhSlKLG4gWB9rX/8545IpAZULuWpsc41RmNCAbSA/mJEjyewZyWJ+D6lzLDzkkPkU8kjrqM9LbwjtK+2N9uis1NGbm8OqttIuR5W05ks3o+CoyBG4xRKeZH42GoWWVoAw9Tg5elq//Wm6+/sdaoPULr9hgrWL5fQ+w5COjcw6rSCdV576Hzrm7eRbBYp85Ry3OW0TRPptNu6OjyYPLwqL4tr9bgmToML4QmPj1LO2FCnBPlnBw4BXjIA4B1Krmr0+SzsKYHjdqkqrdJUtB89G7URBJTcSaTosZRrfZWp4elsu56I7jNbWhte1ClXAMq05N+yme060bnRLuaE4miAPejCnIMhKl5i0XW+ZQjSNmmaVu10sgHe55m7/N+w7RFyoB4eR9Uqh8nUbIGQIhnPDr/ixkZroapW6tT429ZDPCV9P7UztAaftaJJD3nefZkdzeFrbsL5GN6vFsDj0jH1T1aDmYN3z/fPeQzUzCKv8Zivv7Cgkc5XTuNp9f2GKYui2Pg+gpq95r7HCUzx29upu14iILDemLYOZUiq6TohkPAODLZzPbM9c+sLrHsytPclbu+3azKt9r/ePwlqYeiyUQoCo2Fk1yMeKfuPWoDh3Kx+A1YBM8e====</Log>
		</Test>
		<Test Status="failed">
			<Name>utils_file_ut</Name>
			<Path>./test/cutils/utils_file</Path>
			<FullName>./test/cutils/utils_file/utils_file_ut</FullName>
			<FullCommandLine>/usr/bin/valgrind "--log-file=/root/iSulad/test/Testing/Temporary/MemoryChecker.11.log" "-q" "--tool=memcheck" "--leak-check=yes" "--show-reachable=yes" "--num-callers=50" "/root/iSulad/test/test/cutils/utils_file/utils_file_ut" "--gtest_output=xml:utils_file_ut-Results.xml"</FullCommandLine>
			<Results/>
			<Log compression="gzip" encoding="base64">eJyFVMtu2zAQvPsr9lYbsAQ0CYxAt6JN0EPQFk37AZS4kthQuwK59OPvu5STWK6bVidK5Mzuzgy12BrfBUe2Arg3YjxgCBzACEQxQdJYgYE2USOOCQJaF3BaL2bIXe+aHlyEwZA1wuEArZJIr59Gb0RfhkKYPTQ81I7MnwSNIWKBGiGiQBpLgE8oxvkI3CoPziuDCVjN0fP1BxhSlKLG4gWB9rX/8545IpAZULuWpsc41RmNCAbSA/mJEjyewZyWJ+D6lzLDzkkPkU8kjrqM9LbwjtK+2N9uis1NGbm8OqttIuR5W05ks3o+CoyBG4xRKeZH42GoWWVoAw9Tg5elq//Wm6+/sdaoPULr9hgrWL5fQ+w5COjcw6rSCdV576Hzrm7eRbBYp85Ry3OW0TRPptNu6OjyYPLwqL4tr9bgmToML4QmPj1LO2FCnBPlnBw4BXjIA4B1Krmr0+SzsKYHjdqkqrdJUtB89G7URBJTcSaTosZRrfZWp4elsu56I7jNbWhte1ClXAMq05N+yme060bnRLuaE4miAPejCnIMhKl5i0XW+ZQjSNmmaVu10sgHe55m7/N+w7RFyoB4eR9Uqh8nUbIGQIhnPDr/ixkZroapW6tT429ZDPCV9P7UztAaftaJJD3nefZkdzeFrbsL5GN6vFsDj0jH1T1aDmYN3z/fPeQzUzCKv8Zivv7Cgkc5XTuNp9f2GKYui2Pg+gpq95r7HCUzx29upu14iILDemLYOZUiq6TohkPAODLZzPbM9c+sLrHsytPclbu+3azKt9r/ePwlqYeiyUQoCo2Fk1yMeKfuPWoDh3Kx+A1YBM8e====</Log>
		</Test>
		<Test Status="failed">
			<Name>utils_filters_ut</Name>
			<Path>./test/cutils/utils_filters</Path>
			<FullName>./test/cutils/utils_filters/utils_filters_ut</FullName>
			<FullCommandLine>/usr/bin/valgrind "--log-file=/root/iSulad/test/Testing/Temporary/MemoryChecker.12.log" "-q" "--tool=memcheck" "--leak-check=yes" "--show-reachable=yes" "--num-callers=50" "/root/iSulad/test/test/cutils/utils_filters/utils_filters_ut" "--gtest_output=xml:utils_filters_ut-Results.xml"</FullCommandLine>
			<Results/>
			<Log compression="gzip" encoding="base64">eJyFVMtu2zAQvPsr9lYbsAQ0CYxAt6JN0EPQFk37AZS4kthQuwK59OPvu5STWK6bVidK5Mzuzgy12BrfBUe2Arg3YjxgCBzACEQxQdJYgYE2USOOCQJaF3BaL2bIXe+aHlyEwZA1wuEArZJIr59Gb0RfhkKYPTQ81I7MnwSNIWKBGiGiQBpLgE8oxvkI3CoPziuDCVjN0fP1BxhSlKLG4gWB9rX/8545IpAZULuWpsc41RmNCAbSA/mJEjyewZyWJ+D6lzLDzkkPkU8kjrqM9LbwjtK+2N9uis1NGbm8OqttIuR5W05ks3o+CoyBG4xRKeZH42GoWWVoAw9Tg5elq//Wm6+/sdaoPULr9hgrWL5fQ+w5COjcw6rSCdV576Hzrm7eRbBYp85Ry3OW0TRPptNu6OjyYPLwqL4tr9bgmToML4QmPj1LO2FCnBPlnBw4BXjIA4B1Krmr0+SzsKYHjdqkqrdJUtB89G7URBJTcSaTosZRrfZWp4elsu56I7jNbWhte1ClXAMq05N+yme060bnRLuaE4miAPejCnIMhKl5i0XW+ZQjSNmmaVu10sgHe55m7/N+w7RFyoB4eR9Uqh8nUbIGQIhnPDr/ixkZroapW6tT429ZDPCV9P7UztAaftaJJD3nefZkdzeFrbsL5GN6vFsDj0jH1T1aDmYN3z/fPeQzUzCKv8Zivv7Cgkc5XTuNp9f2GKYui2Pg+gpq95r7HCUzx29upu14iILDemLYOZUiq6TohkPAODLZzPbM9c+sLrHsytPclbu+3azKt9r/ePwlqYeiyUQoCo2Fk1yMeKfuPWoDh3Kx+A1YBM8e====</Log>
		</Test>
		<Test Status="failed">
			<Name>utils_timestamp_ut</Name>
			<Path>./test/cutils/utils_timestamp</Path>
			<FullName>./test/cutils/utils_timestamp/utils_timestamp_ut</FullName>
			<FullCommandLine>/usr/bin/valgrind "--log-file=/root/iSulad/test/Testing/Temporary/MemoryChecker.13.log" "-q" "--tool=memcheck" "--leak-check=yes" "--show-reachable=yes" "--num-callers=50" "/root/iSulad/test/test/cutils/utils_timestamp/utils_timestamp_ut" "--gtest_output=xml:utils_timestamp_ut-Results.xml"</FullCommandLine>
			<Results/>
			<Log compression="gzip" encoding="base64">eJyFVMtu2zAQvPsr9lYbsAQ0CYxAt6JN0EPQFk37AZS4kthQuwK59OPvu5STWK6bVidK5Mzuzgy12BrfBUe2Arg3YjxgCBzACEQxQdJYgYE2USOOCQJaF3BaL2bIXe+aHlyEwZA1wuEArZJIr59Gb0RfhkKYPTQ81I7MnwSNIWKBGiGiQBpLgE8oxvkI3CoPziuDCVjN0fP1BxhSlKLG4gWB9rX/8545IpAZULuWpsc41RmNCAbSA/mJEjyewZyWJ+D6lzLDzkkPkU8kjrqM9LbwjtK+2N9uis1NGbm8OqttIuR5W05ks3o+CoyBG4xRKeZH42GoWWVoAw9Tg5elq//Wm6+/sdaoPULr9hgrWL5fQ+w5COjcw6rSCdV576Hzrm7eRbBYp85Ry3OW0TRPptNu6OjyYPLwqL4tr9bgmToML4QmPj1LO2FCnBPlnBw4BXjIA4B1Krmr0+SzsKYHjdqkqrdJUtB89G7URBJTcSaTosZRrfZWp4elsu56I7jNbWhte1ClXAMq05N+yme060bnRLuaE4miAPejCnIMhKl5i0XW+ZQjSNmmaVu10sgHe55m7/N+w7RFyoB4eR9Uqh8nUbIGQIhnPDr/ixkZroapW6tT429ZDPCV9P7UztAaftaJJD3nefZkdzeFrbsL5GN6vFsDj0jH1T1aDmYN3z/fPeQzUzCKv8Zivv7Cgkc5XTuNp9f2GKYui2Pg+gpq95r7HCUzx29upu14iILDemLYOZUiq6TohkPAODLZzPbM9c+sLrHsytPclbu+3azKt9r/ePwlqYeiyUQoCo2Fk1yMeKfuPWoDh3Kx+A1YBM8e====</Log>
		</Test>
		<Test Status="failed">
			<Name>utils_mount_spec_ut</Name>
			<Path>./test/cutils/utils_mount_spec</Path>
			<FullName>./test/cutils/utils_mount_spec/utils_mount_spec_ut</FullName>
			<FullCommandLine>/usr/bin/valgrind "--log-file=/root/iSulad/test/Testing/Temporary/MemoryChecker.14.log" "-q" "--tool=memcheck" "--leak-check=yes" "--show-reachable=yes" "--num-callers=50" "/root/iSulad/test/test/cutils/utils_mount_spec/utils_mount_spec_ut" "--gtest_output=xml:utils_mount_spec_ut-Results.xml"</FullCommandLine>
			<Results/>
			<Log compression="gzip" encoding="base64">eJyFVMtu2zAQvPsr9lYbsAQ0CYxAt6JN0EPQFk37AZS4kthQuwK59OPvu5STWK6bVidK5Mzuzgy12BrfBUe2Arg3YjxgCBzACEQxQdJYgYE2USOOCQJaF3BaL2bIXe+aHlyEwZA1wuEArZJIr59Gb0RfhkKYPTQ81I7MnwSNIWKBGiGiQBpLgE8oxvkI3CoPziuDCVjN0fP1BxhSlKLG4gWB9rX/8545IpAZULuWpsc41RmNCAbSA/mJEjyewZyWJ+D6lzLDzkkPkU8kjrqM9LbwjtK+2N9uis1NGbm8OqttIuR5W05ks3o+CoyBG4xRKeZH42GoWWVoAw9Tg5elq//Wm6+/sdaoPULr9hgrWL5fQ+w5COjcw6rSCdV576Hzrm7eRbBYp85Ry3OW0TRPptNu6OjyYPLwqL4tr9bgmToML4QmPj1LO2FCnBPlnBw4BXjIA4B1Krmr0+SzsKYHjdqkqrdJUtB89G7URBJTcSaTosZRrfZWp4elsu56I7jNbWhte1ClXAMq05N+yme060bnRLuaE4miAPejCnIMhKl5i0XW+ZQjSNmmaVu10sgHe55m7/N+w7RFyoB4eR9Uqh8nUbIGQIhnPDr/ixkZroapW6tT429ZDPCV9P7UztAaftaJJD3nefZkdzeFrbsL5GN6vFsDj0jH1T1aDmYN3z/fPeQzUzCKv8Zivv7Cgkc5XTuNp9f2GKYui2Pg+gpq95r7HCUzx29upu14iILDemLYOZUiq6TohkPAODLZzPbM9c+sLrHsytPclbu+3azKt9r/ePwlqYeiyUQoCo2Fk1yMeKfuPWoDh3Kx+A1YBM8e====</Log>
		</Test>
		<Test Status="failed">
			<Name>utils_regex_ut</Name>
			<Path>./test/cutils/utils_regex</Path>
			<FullName>./test/cutils/utils_regex/utils_regex_ut</FullName>
			<FullCommandLine>/usr/bin/valgrind "--log-file=/root/iSulad/test/Testing/Temporary/MemoryChecker.15.log" "-q" "--tool=memcheck" "--leak-check=yes" "--show-reachable=yes" "--num-callers=50" "/root/iSulad/test/test/cutils/utils_regex/utils_regex_ut" "--gtest_output=xml:utils_regex_ut-Results.xml"</FullCommandLine>
			<Results/>
			<Log compression="gzip" encoding="base64">eJyFVMtu2zAQvPsr9lYbsAQ0CYxAt6JN0EPQFk37AZS4kthQuwK59OPvu5STWK6bVidK5Mzuzgy12BrfBUe2Arg3YjxgCBzACEQxQdJYgYE2USOOCQJaF3BaL2bIXe+aHlyEwZA1wuEArZJIr59Gb0RfhkKYPTQ81I7MnwSNIWKBGiGiQBpLgE8oxvkI3CoPziuDCVjN0fP1BxhSlKLG4gWB9rX/8545IpAZULuWpsc41RmNCAbSA/mJEjyewZyWJ+D6lzLDzkkPkU8kjrqM9LbwjtK+2N9uis1NGbm8OqttIuR5W05ks3o+CoyBG4xRKeZH42GoWWVoAw9Tg5elq//Wm6+/sdaoPULr9hgrWL5fQ+w5COjcw6rSCdV576Hzrm7eRbBYp85Ry3OW0TRPptNu6OjyYPLwqL4tr9bgmToML4QmPj1LO2FCnBPlnBw4BXjIA4B1Krmr0+SzsKYHjdqkqrdJUtB89G7URBJTcSaTosZRrfZWp4elsu56I7jNbWhte1ClXAMq05N+yme060bnRLuaE4miAPejCnIMhKl5i0XW+ZQjSNmmaVu10sgHe55m7/N+w7RFyoB4eR9Uqh8nUbIGQIhnPDr/ixkZroapW6tT429ZDPCV9P7UztAaftaJJD3nefZkdzeFrbsL5GN6vFsDj0jH1T1aDmYN3z/fPeQzUzCKv8Zivv7Cgkc5XTuNp9f2GKYui2Pg+gpq95r7HCUzx29upu14iILDemLYOZUiq6TohkPAODLZzPbM9c+sLrHsytPclbu+3azKt9r/ePwlqYeiyUQoCo2Fk1yMeKfuPWoDh3Kx+A1YBM8e====</Log>
		</Test>
		<Test Status="failed">
			<Name>utils_utils_ut</Name>
			<Path>./test/cutils/utils_utils</Path>
			<FullName>./test/cutils/utils_utils/utils_utils_ut</FullName>
			<FullCommandLine>/usr/bin/valgrind "--log-file=/root/iSulad/test/Testing/Temporary/MemoryChecker.16.log" "-q" "--tool=memcheck" "--leak-check=yes" "--show-reachable=yes" "--num-callers=50" "/root/iSulad/test/test/cutils/utils_utils/utils_utils_ut" "--gtest_output=xml:utils_utils_ut-Results.xml"</FullCommandLine>
			<Results/>
			<Log compression="gzip" encoding="base64">eJyFVMtu2zAQvPsr9lYbsAQ0CYxAt6JN0EPQFk37AZS4kthQuwK59OPvu5STWK6bVidK5Mzuzgy12BrfBUe2Arg3YjxgCBzACEQxQdJYgYE2USOOCQJaF3BaL2bIXe+aHlyEwZA1wuEArZJIr59Gb0RfhkKYPTQ81I7MnwSNIWKBGiGiQBpLgE8oxvkI3CoPziuDCVjN0fP1BxhSlKLG4gWB9rX/8545IpAZULuWpsc41RmNCAbSA/mJEjyewZyWJ+D6lzLDzkkPkU8kjrqM9LbwjtK+2N9uis1NGbm8OqttIuR5W05ks3o+CoyBG4xRKeZH42GoWWVoAw9Tg5elq//Wm6+/sdaoPULr9hgrWL5fQ+w5COjcw6rSCdV576Hzrm7eRbBYp85Ry3OW0TRPptNu6OjyYPLwqL4tr9bgmToML4QmPj1LO2FCnBPlnBw4BXjIA4B1Krmr0+SzsKYHjdqkqrdJUtB89G7URBJTcSaTosZRrfZWp4elsu56I7jNbWhte1ClXAMq05N+yme060bnRLuaE4miAPejCnIMhKl5i0XW+ZQjSNmmaVu10sgHe55m7/N+w7RFyoB4eR9Uqh8nUbIGQIhnPDr/ixkZroapW6tT429ZDPCV9P7UztAaftaJJD3nefZkdzeFrbsL5GN6vFsDj0jH1T1aDmYN3z/fPeQzUzCKv8Zivv7Cgkc5XTuNp9f2GKYui2Pg+gpq95r7HCUzx29upu14iILDemLYOZUiq6TohkPAODLZzPbM9c+sLrHsytPclbu+3azKt9r/ePwlqYeiyUQoCo2Fk1yMeKfuPWoDh3Kx+A1YBM8e====</Log>
		</Test>
		<Test Status="failed">
			<Name>utils_verify_ut</Name>
			<Path>./test/cutils/utils_verify</Path>
			<FullName>./test/cutils/utils_verify/utils_verify_ut</FullName>
			<FullCommandLine>/usr/bin/valgrind "--log-file=/root/iSulad/test/Testing/Temporary/MemoryChecker.17.log" "-q" "--tool=memcheck" "--leak-check=yes" "--show-reachable=yes" "--num-callers=50" "/root/iSulad/test/test/cutils/utils_verify/utils_verify_ut" "--gtest_output=xml:utils_verify_ut-Results.xml"</FullCommandLine>
			<Results/>
			<Log compression="gzip" encoding="base64">eJyFVMtu2zAQvPsr9lYbsAQ0CYxAt6JN0EPQFk37AZS4kthQuwK59OPvu5STWK6bVidK5Mzuzgy12BrfBUe2Arg3YjxgCBzACEQxQdJYgYE2USOOCQJaF3BaL2bIXe+aHlyEwZA1wuEArZJIr59Gb0RfhkKYPTQ81I7MnwSNIWKBGiGiQBpLgE8oxvkI3CoPziuDCVjN0fP1BxhSlKLG4gWB9rX/8545IpAZULuWpsc41RmNCAbSA/mJEjyewZyWJ+D6lzLDzkkPkU8kjrqM9LbwjtK+2N9uis1NGbm8OqttIuR5W05ks3o+CoyBG4xRKeZH42GoWWVoAw9Tg5elq//Wm6+/sdaoPULr9hgrWL5fQ+w5COjcw6rSCdV576Hzrm7eRbBYp85Ry3OW0TRPptNu6OjyYPLwqL4tr9bgmToML4QmPj1LO2FCnBPlnBw4BXjIA4B1Krmr0+SzsKYHjdqkqrdJUtB89G7URBJTcSaTosZRrfZWp4elsu56I7jNbWhte1ClXAMq05N+yme060bnRLuaE4miAPejCnIMhKl5i0XW+ZQjSNmmaVu10sgHe55m7/N+w7RFyoB4eR9Uqh8nUbIGQIhnPDr/ixkZroapW6tT429ZDPCV9P7UztAaftaJJD3nefZkdzeFrbsL5GN6vFsDj0jH1T1aDmYN3z/fPeQzUzCKv8Zivv7Cgkc5XTuNp9f2GKYui2Pg+gpq95r7HCUzx29upu14iILDemLYOZUiq6TohkPAODLZzPbM9c+sLrHsytPclbu+3azKt9r/ePwlqYeiyUQoCo2Fk1yMeKfuPWoDh3Kx+A1YBM8e====</Log>
		</Test>
		<Test Status="failed">
			<Name>utils_network_ut</Name>
			<Path>./test/cutils/utils_network</Path>
			<FullName>./test/cutils/utils_network/utils_network_ut</FullName>
			<FullCommandLine>/usr/bin/valgrind "--log-file=/root/iSulad/test/Testing/Temporary/MemoryChecker.18.log" "-q" "--tool=memcheck" "--leak-check=yes" "--show-reachable=yes" "--num-callers=50" "/root/iSulad/test/test/cutils/utils_network/utils_network_ut" "--gtest_output=xml:utils_network_ut-Results.xml"</FullCommandLine>
			<Results/>
			<Log compression="gzip" encoding="base64">eJyFVMtu2zAQvPsr9lYbsAQ0CYxAt6JN0EPQFk37AZS4kthQuwK59OPvu5STWK6bVidK5Mzuzgy12BrfBUe2Arg3YjxgCBzACEQxQdJYgYE2USOOCQJaF3BaL2bIXe+aHlyEwZA1wuEArZJIr59Gb0RfhkKYPTQ81I7MnwSNIWKBGiGiQBpLgE8oxvkI3CoPziuDCVjN0fP1BxhSlKLG4gWB9rX/8545IpAZULuWpsc41RmNCAbSA/mJEjyewZyWJ+D6lzLDzkkPkU8kjrqM9LbwjtK+2N9uis1NGbm8OqttIuR5W05ks3o+CoyBG4xRKeZH42GoWWVoAw9Tg5elq//Wm6+/sdaoPULr9hgrWL5fQ+w5COjcw6rSCdV576Hzrm7eRbBYp85Ry3OW0TRPptNu6OjyYPLwqL4tr9bgmToML4QmPj1LO2FCnBPlnBw4BXjIA4B1Krmr0+SzsKYHjdqkqrdJUtB89G7URBJTcSaTosZRrfZWp4elsu56I7jNbWhte1ClXAMq05N+yme060bnRLuaE4miAPejCnIMhKl5i0XW+ZQjSNmmaVu10sgHe55m7/N+w7RFyoB4eR9Uqh8nUbIGQIhnPDr/ixkZroapW6tT429ZDPCV9P7UztAaftaJJD3nefZkdzeFrbsL5GN6vFsDj0jH1T1aDmYN3z/fPeQzUzCKv8Zivv7Cgkc5XTuNp9f2GKYui2Pg+gpq95r7HCUzx29upu14iILDemLYOZUiq6TohkPAODLZzPbM9c+sLrHsytPclbu+3azKt9r/ePwlqYeiyUQoCo2Fk1yMeKfuPWoDh3Kx+A1YBM8e====</Log>
		</Test>
		<Test Status="failed">
			<Name>oci_config_merge_ut</Name>
			<Path>./test/image/oci/oci_config_merge</Path>
			<FullName>./test/image/oci/oci_config_merge/oci_config_merge_ut</FullName>
			<FullCommandLine>/usr/bin/valgrind "--log-file=/root/iSulad/test/Testing/Temporary/MemoryChecker.19.log" "-q" "--tool=memcheck" "--leak-check=yes" "--show-reachable=yes" "--num-callers=50" "/root/iSulad/test/test/image/oci/oci_config_merge/oci_config_merge_ut" "--gtest_output=xml:oci_config_merge_ut-Results.xml"</FullCommandLine>
			<Results/>
			<Log compression="gzip" encoding="base64">eJyFVMtu2zAQvPsr9lYbsAQ0CYxAt6JN0EPQFk37AZS4kthQuwK59OPvu5STWK6bVidK5Mzuzgy12BrfBUe2Arg3YjxgCBzACEQxQdJYgYE2USOOCQJaF3BaL2bIXe+aHlyEwZA1wuEArZJIr59Gb0RfhkKYPTQ81I7MnwSNIWKBGiGiQBpLgE8oxvkI3CoPziuDCVjN0fP1BxhSlKLG4gWB9rX/8545IpAZULuWpsc41RmNCAbSA/mJEjyewZyWJ+D6lzLDzkkPkU8kjrqM9LbwjtK+2N9uis1NGbm8OqttIuR5W05ks3o+CoyBG4xRKeZH42GoWWVoAw9Tg5elq//Wm6+/sdaoPULr9hgrWL5fQ+w5COjcw6rSCdV576Hzrm7eRbBYp85Ry3OW0TRPptNu6OjyYPLwqL4tr9bgmToML4QmPj1LO2FCnBPlnBw4BXjIA4B1Krmr0+SzsKYHjdqkqrdJUtB89G7URBJTcSaTosZRrfZWp4elsu56I7jNbWhte1ClXAMq05N+yme060bnRLuaE4miAPejCnIMhKl5i0XW+ZQjSNmmaVu10sgHe55m7/N+w7RFyoB4eR9Uqh8nUbIGQIhnPDr/ixkZroapW6tT429ZDPCV9P7UztAaftaJJD3nefZkdzeFrbsL5GN6vFsDj0jH1T1aDmYN3z/fPeQzUzCKv8Zivv7Cgkc5XTuNp9f2GKYui2Pg+gpq95r7HCUzx29upu14iILDemLYOZUiq6TohkPAODLZzPbM9c+sLrHsytPclbu+3azKt9r/ePwlqYeiyUQoCo2Fk1yMeKfuPWoDh3Kx+A1YBM8e====</Log>
		</Test>
		<Test Status="failed">
			<Name>storage_images_ut</Name>
			<Path>./test/image/oci/storage/images</Path>
			<FullName>./test/image/oci/storage/images/storage_images_ut</FullName>
			<FullCommandLine>/usr/bin/valgrind "--log-file=/root/iSulad/test/Testing/Temporary/MemoryChecker.20.log" "-q" "--tool=memcheck" "--leak-check=yes" "--show-reachable=yes" "--num-callers=50" "/root/iSulad/test/test/image/oci/storage/images/storage_images_ut" "--gtest_output=xml:storage_images_ut-Results.xml"</FullCommandLine>
			<Results/>
			<Log compression="gzip" encoding="base64">eJyFVMtu2zAQvPsr9lYbsAQ0CYxAt6JN0EPQFk37AZS4kthQuwK59OPvu5STWK6bVidK5Mzuzgy12BrfBUe2Arg3YjxgCBzACEQxQdJYgYE2USOOCQJaF3BaL2bIXe+aHlyEwZA1wuEArZJIr59Gb0RfhkKYPTQ81I7MnwSNIWKBGiGiQBpLgE8oxvkI3CoPziuDCVjN0fP1BxhSlKLG4gWB9rX/8545IpAZULuWpsc41RmNCAbSA/mJEjyewZyWJ+D6lzLDzkkPkU8kjrqM9LbwjtK+2N9uis1NGbm8OqttIuR5W05ks3o+CoyBG4xRKeZH42GoWWVoAw9Tg5elq//Wm6+/sdaoPULr9hgrWL5fQ+w5COjcw6rSCdV576Hzrm7eRbBYp85Ry3OW0TRPptNu6OjyYPLwqL4tr9bgmToML4QmPj1LO2FCnBPlnBw4BXjIA4B1Krmr0+SzsKYHjdqkqrdJUtB89G7URBJTcSaTosZRrfZWp4elsu56I7jNbWhte1ClXAMq05N+yme060bnRLuaE4miAPejCnIMhKl5i0XW+ZQjSNmmaVu10sgHe55m7/N+w7RFyoB4eR9Uqh8nUbIGQIhnPDr/ixkZroapW6tT429ZDPCV9P7UztAaftaJJD3nefZkdzeFrbsL5GN6vFsDj0jH1T1aDmYN3z/fPeQzUzCKv8Zivv7Cgkc5XTuNp9f2GKYui2Pg+gpq95r7HCUzx29upu14iILDemLYOZUiq6TohkPAODLZzPbM9c+sLrHsytPclbu+3azKt9r/ePwlqYeiyUQoCo2Fk1yMeKfuPWoDh3Kx+A1YBM8e====</Log>
		</Test>
		<Test Status="failed">
			<Name>storage_rootfs_ut</Name>
			<Path>./test/image/oci/storage/rootfs</Path>
			<FullName>./test/image/oci/storage/rootfs/storage_rootfs_ut</FullName>
			<FullCommandLine>/usr/bin/valgrind "--log-file=/root/iSulad/test/Testing/Temporary/MemoryChecker.21.log" "-q" "--tool=memcheck" "--leak-check=yes" "--show-reachable=yes" "--num-callers=50" "/root/iSulad/test/test/image/oci/storage/rootfs/storage_rootfs_ut" "--gtest_output=xml:storage_rootfs_ut-Results.xml"</FullCommandLine>
			<Results/>
			<Log compression="gzip" encoding="base64">eJyFVMtu2zAQvPsr9lYbsAQ0CYxAt6JN0EPQFk37AZS4kthQuwK59OPvu5STWK6bVidK5Mzuzgy12BrfBUe2Arg3YjxgCBzACEQxQdJYgYE2USOOCQJaF3BaL2bIXe+aHlyEwZA1wuEArZJIr59Gb0RfhkKYPTQ81I7MnwSNIWKBGiGiQBpLgE8oxvkI3CoPziuDCVjN0fP1BxhSlKLG4gWB9rX/8545IpAZULuWpsc41RmNCAbSA/mJEjyewZyWJ+D6lzLDzkkPkU8kjrqM9LbwjtK+2N9uis1NGbm8OqttIuR5W05ks3o+CoyBG4xRKeZH42GoWWVoAw9Tg5elq//Wm6+/sdaoPULr9hgrWL5fQ+w5COjcw6rSCdV576Hzrm7eRbBYp85Ry3OW0TRPptNu6OjyYPLwqL4tr9bgmToML4QmPj1LO2FCnBPlnBw4BXjIA4B1Krmr0+SzsKYHjdqkqrdJUtB89G7URBJTcSaTosZRrfZWp4elsu56I7jNbWhte1ClXAMq05N+yme060bnRLuaE4miAPejCnIMhKl5i0XW+ZQjSNmmaVu10sgHe55m7/N+w7RFyoB4eR9Uqh8nUbIGQIhnPDr/ixkZroapW6tT429ZDPCV9P7UztAaftaJJD3nefZkdzeFrbsL5GN6vFsDj0jH1T1aDmYN3z/fPeQzUzCKv8Zivv7Cgkc5XTuNp9f2GKYui2Pg+gpq95r7HCUzx29upu14iILDemLYOZUiq6TohkPAODLZzPbM9c+sLrHsytPclbu+3azKt9r/ePwlqYeiyUQoCo2Fk1yMeKfuPWoDh3Kx+A1YBM8e====</Log>
		</Test>
		<Test Status="failed">
			<Name>storage_driver_ut</Name>
			<Path>./test/image/oci/storage/layers</Path>
			<FullName>./test/image/oci/storage/layers/storage_driver_ut</FullName>
			<FullCommandLine>/usr/bin/valgrind "--log-file=/root/iSulad/test/Testing/Temporary/MemoryChecker.22.log" "-q" "--tool=memcheck" "--leak-check=yes" "--show-reachable=yes" "--num-callers=50" "/root/iSulad/test/test/image/oci/storage/layers/storage_driver_ut" "--gtest_output=xml:storage_driver_ut-Results.xml"</FullCommandLine>
			<Results/>
			<Log compression="gzip" encoding="base64">eJyFVMtu2zAQvPsr9lYbsAQ0CYxAt6JN0EPQFk37AZS4kthQuwK59OPvu5STWK6bVidK5Mzuzgy12BrfBUe2Arg3YjxgCBzACEQxQdJYgYE2USOOCQJaF3BaL2bIXe+aHlyEwZA1wuEArZJIr59Gb0RfhkKYPTQ81I7MnwSNIWKBGiGiQBpLgE8oxvkI3CoPziuDCVjN0fP1BxhSlKLG4gWB9rX/8545IpAZULuWpsc41RmNCAbSA/mJEjyewZyWJ+D6lzLDzkkPkU8kjrqM9LbwjtK+2N9uis1NGbm8OqttIuR5W05ks3o+CoyBG4xRKeZH42GoWWVoAw9Tg5elq//Wm6+/sdaoPULr9hgrWL5fQ+w5COjcw6rSCdV576Hzrm7eRbBYp85Ry3OW0TRPptNu6OjyYPLwqL4tr9bgmToML4QmPj1LO2FCnBPlnBw4BXjIA4B1Krmr0+SzsKYHjdqkqrdJUtB89G7URBJTcSaTosZRrfZWp4elsu56I7jNbWhte1ClXAMq05N+yme060bnRLuaE4miAPejCnIMhKl5i0XW+ZQjSNmmaVu10sgHe55m7/N+w7RFyoB4eR9Uqh8nUbIGQIhnPDr/ixkZroapW6tT429ZDPCV9P7UztAaftaJJD3nefZkdzeFrbsL5GN6vFsDj0jH1T1aDmYN3z/fPeQzUzCKv8Zivv7Cgkc5XTuNp9f2GKYui2Pg+gpq95r7HCUzx29upu14iILDemLYOZUiq6TohkPAODLZzPbM9c+sLrHsytPclbu+3azKt9r/ePwlqYeiyUQoCo2Fk1yMeKfuPWoDh3Kx+A1YBM8e====</Log>
		</Test>
		<Test Status="failed">
			<Name>storage_layers_ut</Name>
			<Path>./test/image/oci/storage/layers</Path>
			<FullName>./test/image/oci/storage/layers/storage_layers_ut</FullName>
			<FullCommandLine>/usr/bin/valgrind "--log-file=/root/iSulad/test/Testing/Temporary/MemoryChecker.23.log" "-q" "--tool=memcheck" "--leak-check=yes" "--show-reachable=yes" "--num-callers=50" "/root/iSulad/test/test/image/oci/storage/layers/storage_layers_ut" "--gtest_output=xml:storage_layers_ut-Results.xml"</FullCommandLine>
			<Results/>
			<Log compression="gzip" encoding="base64">eJyFVMtu2zAQvPsr9lYbsAQ0CYxAt6JN0EPQFk37AZS4kthQuwK59OPvu5STWK6bVidK5Mzuzgy12BrfBUe2Arg3YjxgCBzACEQxQdJYgYE2USOOCQJaF3BaL2bIXe+aHlyEwZA1wuEArZJIr59Gb0RfhkKYPTQ81I7MnwSNIWKBGiGiQBpLgE8oxvkI3CoPziuDCVjN0fP1BxhSlKLG4gWB9rX/8545IpAZULuWpsc41RmNCAbSA/mJEjyewZyWJ+D6lzLDzkkPkU8kjrqM9LbwjtK+2N9uis1NGbm8OqttIuR5W05ks3o+CoyBG4xRKeZH42GoWWVoAw9Tg5elq//Wm6+/sdaoPULr9hgrWL5fQ+w5COjcw6rSCdV576Hzrm7eRbBYp85Ry3OW0TRPptNu6OjyYPLwqL4tr9bgmToML4QmPj1LO2FCnBPlnBw4BXjIA4B1Krmr0+SzsKYHjdqkqrdJUtB89G7URBJTcSaTosZRrfZWp4elsu56I7jNbWhte1ClXAMq05N+yme060bnRLuaE4miAPejCnIMhKl5i0XW+ZQjSNmmaVu10sgHe55m7/N+w7RFyoB4eR9Uqh8nUbIGQIhnPDr/ixkZroapW6tT429ZDPCV9P7UztAaftaJJD3nefZkdzeFrbsL5GN6vFsDj0jH1T1aDmYN3z/fPeQzUzCKv8Zivv7Cgkc5XTuNp9f2GKYui2Pg+gpq95r7HCUzx29upu14iILDemLYOZUiq6TohkPAODLZzPbM9c+sLrHsytPclbu+3azKt9r/ePwlqYeiyUQoCo2Fk1yMeKfuPWoDh3Kx+A1YBM8e====</Log>
		</Test>
		<Test Status="failed">
			<Name>registry_images_ut</Name>
			<Path>./test/image/oci/registry</Path>
			<FullName>./test/image/oci/registry/registry_images_ut</FullName>
			<FullCommandLine>/usr/bin/valgrind "--log-file=/root/iSulad/test/Testing/Temporary/MemoryChecker.24.log" "-q" "--tool=memcheck" "--leak-check=yes" "--show-reachable=yes" "--num-callers=50" "/root/iSulad/test/test/image/oci/registry/registry_images_ut" "--gtest_output=xml:registry_images_ut-Results.xml"</FullCommandLine>
			<Results/>
			<Log compression="gzip" encoding="base64">eJyFVMtu2zAQvPsr9lYbsAQ0CYxAt6JN0EPQFk37AZS4kthQuwK59OPvu5STWK6bVidK5Mzuzgy12BrfBUe2Arg3YjxgCBzACEQxQdJYgYE2USOOCQJaF3BaL2bIXe+aHlyEwZA1wuEArZJIr59Gb0RfhkKYPTQ81I7MnwSNIWKBGiGiQBpLgE8oxvkI3CoPziuDCVjN0fP1BxhSlKLG4gWB9rX/8545IpAZULuWpsc41RmNCAbSA/mJEjyewZyWJ+D6lzLDzkkPkU8kjrqM9LbwjtK+2N9uis1NGbm8OqttIuR5W05ks3o+CoyBG4xRKeZH42GoWWVoAw9Tg5elq//Wm6+/sdaoPULr9hgrWL5fQ+w5COjcw6rSCdV576Hzrm7eRbBYp85Ry3OW0TRPptNu6OjyYPLwqL4tr9bgmToML4QmPj1LO2FCnBPlnBw4BXjIA4B1Krmr0+SzsKYHjdqkqrdJUtB89G7URBJTcSaTosZRrfZWp4elsu56I7jNbWhte1ClXAMq05N+yme060bnRLuaE4miAPejCnIMhKl5i0XW+ZQjSNmmaVu10sgHe55m7/N+w7RFyoB4eR9Uqh8nUbIGQIhnPDr/ixkZroapW6tT429ZDPCV9P7UztAaftaJJD3nefZkdzeFrbsL5GN6vFsDj0jH1T1aDmYN3z/fPeQzUzCKv8Zivv7Cgkc5XTuNp9f2GKYui2Pg+gpq95r7HCUzx29upu14iILDemLYOZUiq6TohkPAODLZzPbM9c+sLrHsytPclbu+3azKt9r/ePwlqYeiyUQoCo2Fk1yMeKfuPWoDh3Kx+A1YBM8e====</Log>
		</Test>
		<Test Status="failed">
			<Name>ps_ut</Name>
			<Path>./test/cmd/isula/information/ps</Path>
			<FullName>./test/cmd/isula/information/ps/ps_ut</FullName>
			<FullCommandLine>/usr/bin/valgrind "--log-file=/root/iSulad/test/Testing/Temporary/MemoryChecker.25.log" "-q" "--tool=memcheck" "--leak-check=yes" "--show-reachable=yes" "--num-callers=50" "/root/iSulad/test/test/cmd/isula/information/ps/ps_ut" "--gtest_output=xml:ps_ut-Results.xml"</FullCommandLine>
			<Results/>
			<Log compression="gzip" encoding="base64">eJyFVMtu2zAQvPsr9lYbsAQ0CYxAt6JN0EPQFk37AZS4kthQuwK59OPvu5STWK6bVidK5Mzuzgy12BrfBUe2Arg3YjxgCBzACEQxQdJYgYE2USOOCQJaF3BaL2bIXe+aHlyEwZA1wuEArZJIr59Gb0RfhkKYPTQ81I7MnwSNIWKBGiGiQBpLgE8oxvkI3CoPziuDCVjN0fP1BxhSlKLG4gWB9rX/8545IpAZULuWpsc41RmNCAbSA/mJEjyewZyWJ+D6lzLDzkkPkU8kjrqM9LbwjtK+2N9uis1NGbm8OqttIuR5W05ks3o+CoyBG4xRKeZH42GoWWVoAw9Tg5elq//Wm6+/sdaoPULr9hgrWL5fQ+w5COjcw6rSCdV576Hzrm7eRbBYp85Ry3OW0TRPptNu6OjyYPLwqL4tr9bgmToML4QmPj1LO2FCnBPlnBw4BXjIA4B1Krmr0+SzsKYHjdqkqrdJUtB89G7URBJTcSaTosZRrfZWp4elsu56I7jNbWhte1ClXAMq05N+yme060bnRLuaE4miAPejCnIMhKl5i0XW+ZQjSNmmaVu10sgHe55m7/N+w7RFyoB4eR9Uqh8nUbIGQIhnPDr/ixkZroapW6tT429ZDPCV9P7UztAaftaJJD3nefZkdzeFrbsL5GN6vFsDj0jH1T1aDmYN3z/fPeQzUzCKv8Zivv7Cgkc5XTuNp9f2GKYui2Pg+gpq95r7HCUzx29upu14iILDemLYOZUiq6TohkPAODLZzPbM9c+sLrHsytPclbu+3azKt9r/ePwlqYeiyUQoCo2Fk1yMeKfuPWoDh3Kx+A1YBM8e====</Log>
		</Test>
		<Test Status="failed">
			<Name>info_ut</Name>
			<Path>./test/cmd/isula/information/info</Path>
			<FullName>./test/cmd/isula/information/info/info_ut</FullName>
			<FullCommandLine>/usr/bin/valgrind "--log-file=/root/iSulad/test/Testing/Temporary/MemoryChecker.26.log" "-q" "--tool=memcheck" "--leak-check=yes" "--show-reachable=yes" "--num-callers=50" "/root/iSulad/test/test/cmd/isula/information/info/info_ut" "--gtest_output=xml:info_ut-Results.xml"</FullCommandLine>
			<Results/>
			<Log compression="gzip" encoding="base64">eJyFVMtu2zAQvPsr9lYbsAQ0CYxAt6JN0EPQFk37AZS4kthQuwK59OPvu5STWK6bVidK5Mzuzgy12BrfBUe2Arg3YjxgCBzACEQxQdJYgYE2USOOCQJaF3BaL2bIXe+aHlyEwZA1wuEArZJIr59Gb0RfhkKYPTQ81I7MnwSNIWKBGiGiQBpLgE8oxvkI3CoPziuDCVjN0fP1BxhSlKLG4gWB9rX/8545IpAZULuWpsc41RmNCAbSA/mJEjyewZyWJ+D6lzLDzkkPkU8kjrqM9LbwjtK+2N9uis1NGbm8OqttIuR5W05ks3o+CoyBG4xRKeZH42GoWWVoAw9Tg5elq//Wm6+/sdaoPULr9hgrWL5fQ+w5COjcw6rSCdV576Hzrm7eRbBYp85Ry3OW0TRPptNu6OjyYPLwqL4tr9bgmToML4QmPj1LO2FCnBPlnBw4BXjIA4B1Krmr0+SzsKYHjdqkqrdJUtB89G7URBJTcSaTosZRrfZWp4elsu56I7jNbWhte1ClXAMq05N+yme060bnRLuaE4miAPejCnIMhKl5i0XW+ZQjSNmmaVu10sgHe55m7/N+w7RFyoB4eR9Uqh8nUbIGQIhnPDr/ixkZroapW6tT429ZDPCV9P7UztAaftaJJD3nefZkdzeFrbsL5GN6vFsDj0jH1T1aDmYN3z/fPeQzUzCKv8Zivv7Cgkc5XTuNp9f2GKYui2Pg+gpq95r7HCUzx29upu14iILDemLYOZUiq6TohkPAODLZzPbM9c+sLrHsytPclbu+3azKt9r/ePwlqYeiyUQoCo2Fk1yMeKfuPWoDh3Kx+A1YBM8e====</Log>
		</Test>
		<Test Status="failed">
			<Name>pause_ut</Name>
			<Path>./test/cmd/isula/extend/pause</Path>
			<FullName>./test/cmd/isula/extend/pause/pause_ut</FullName>
			<FullCommandLine>/usr/bin/valgrind "--log-file=/root/iSulad/test/Testing/Temporary/MemoryChecker.27.log" "-q" "--tool=memcheck" "--leak-check=yes" "--show-reachable=yes" "--num-callers=50" "/root/iSulad/test/test/cmd/isula/extend/pause/pause_ut" "--gtest_output=xml:pause_ut-Results.xml"</FullCommandLine>
			<Results/>
			<Log compression="gzip" encoding="base64">eJyFVMtu2zAQvPsr9lYbsAQ0CYxAt6JN0EPQFk37AZS4kthQuwK59OPvu5STWK6bVidK5Mzuzgy12BrfBUe2Arg3YjxgCBzACEQxQdJYgYE2USOOCQJaF3BaL2bIXe+aHlyEwZA1wuEArZJIr59Gb0RfhkKYPTQ81I7MnwSNIWKBGiGiQBpLgE8oxvkI3CoPziuDCVjN0fP1BxhSlKLG4gWB9rX/8545IpAZULuWpsc41RmNCAbSA/mJEjyewZyWJ+D6lzLDzkkPkU8kjrqM9LbwjtK+2N9uis1NGbm8OqttIuR5W05ks3o+CoyBG4xRKeZH42GoWWVoAw9Tg5elq//Wm6+/sdaoPULr9hgrWL5fQ+w5COjcw6rSCdV576Hzrm7eRbBYp85Ry3OW0TRPptNu6OjyYPLwqL4tr9bgmToML4QmPj1LO2FCnBPlnBw4BXjIA4B1Krmr0+SzsKYHjdqkqrdJUtB89G7URBJTcSaTosZRrfZWp4elsu56I7jNbWhte1ClXAMq05N+yme060bnRLuaE4miAPejCnIMhKl5i0XW+ZQjSNmmaVu10sgHe55m7/N+w7RFyoB4eR9Uqh8nUbIGQIhnPDr/ixkZroapW6tT429ZDPCV9P7UztAaftaJJD3nefZkdzeFrbsL5GN6vFsDj0jH1T1aDmYN3z/fPeQzUzCKv8Zivv7Cgkc5XTuNp9f2GKYui2Pg+gpq95r7HCUzx29upu14iILDemLYOZUiq6TohkPAODLZzPbM9c+sLrHsytPclbu+3azKt9r/ePwlqYeiyUQoCo2Fk1yMeKfuPWoDh3Kx+A1YBM8e====</Log>
		</Test>
		<Test Status="failed">
			<Name>resume_ut</Name>
			<Path>./test/cmd/isula/extend/resume</Path>
			<FullName>./test/cmd/isula/extend/resume/resume_ut</FullName>
			<FullCommandLine>/usr/bin/valgrind "--log-file=/root/iSulad/test/Testing/Temporary/MemoryChecker.28.log" "-q" "--tool=memcheck" "--leak-check=yes" "--show-reachable=yes" "--num-callers=50" "/root/iSulad/test/test/cmd/isula/extend/resume/resume_ut" "--gtest_output=xml:resume_ut-Results.xml"</FullCommandLine>
			<Results/>
			<Log compression="gzip" encoding="base64">eJyFVMtu2zAQvPsr9lYbsAQ0CYxAt6JN0EPQFk37AZS4kthQuwK59OPvu5STWK6bVidK5Mzuzgy12BrfBUe2Arg3YjxgCBzACEQxQdJYgYE2USOOCQJaF3BaL2bIXe+aHlyEwZA1wuEArZJIr59Gb0RfhkKYPTQ81I7MnwSNIWKBGiGiQBpLgE8oxvkI3CoPziuDCVjN0fP1BxhSlKLG4gWB9rX/8545IpAZULuWpsc41RmNCAbSA/mJEjyewZyWJ+D6lzLDzkkPkU8kjrqM9LbwjtK+2N9uis1NGbm8OqttIuR5W05ks3o+CoyBG4xRKeZH42GoWWVoAw9Tg5elq//Wm6+/sdaoPULr9hgrWL5fQ+w5COjcw6rSCdV576Hzrm7eRbBYp85Ry3OW0TRPptNu6OjyYPLwqL4tr9bgmToML4QmPj1LO2FCnBPlnBw4BXjIA4B1Krmr0+SzsKYHjdqkqrdJUtB89G7URBJTcSaTosZRrfZWp4elsu56I7jNbWhte1ClXAMq05N+yme060bnRLuaE4miAPejCnIMhKl5i0XW+ZQjSNmmaVu10sgHe55m7/N+w7RFyoB4eR9Uqh8nUbIGQIhnPDr/ixkZroapW6tT429ZDPCV9P7UztAaftaJJD3nefZkdzeFrbsL5GN6vFsDj0jH1T1aDmYN3z/fPeQzUzCKv8Zivv7Cgkc5XTuNp9f2GKYui2Pg+gpq95r7HCUzx29upu14iILDemLYOZUiq6TohkPAODLZzPbM9c+sLrHsytPclbu+3azKt9r/ePwlqYeiyUQoCo2Fk1yMeKfuPWoDh3Kx+A1YBM8e====</Log>
		</Test>
		<Test Status="failed">
			<Name>client_show_format_ut</Name>
			<Path>./test/cmd/isula/utils/client_show_format</Path>
			<FullName>./test/cmd/isula/utils/client_show_format/client_show_format_ut</FullName>
			<FullCommandLine>/usr/bin/valgrind "--log-file=/root/iSulad/test/Testing/Temporary/MemoryChecker.29.log" "-q" "--tool=memcheck" "--leak-check=yes" "--show-reachable=yes" "--num-callers=50" "/root/iSulad/test/test/cmd/isula/utils/client_show_format/client_show_format_ut" "--gtest_output=xml:client_show_format_ut-Results.xml"</FullCommandLine>
			<Results/>
			<Log compression="gzip" encoding="base64">eJyFVMtu2zAQvPsr9lYbsAQ0CYxAt6JN0EPQFk37AZS4kthQuwK59OPvu5STWK6bVidK5Mzuzgy12BrfBUe2Arg3YjxgCBzACEQxQdJYgYE2USOOCQJaF3BaL2bIXe+aHlyEwZA1wuEArZJIr59Gb0RfhkKYPTQ81I7MnwSNIWKBGiGiQBpLgE8oxvkI3CoPziuDCVjN0fP1BxhSlKLG4gWB9rX/8545IpAZULuWpsc41RmNCAbSA/mJEjyewZyWJ+D6lzLDzkkPkU8kjrqM9LbwjtK+2N9uis1NGbm8OqttIuR5W05ks3o+CoyBG4xRKeZH42GoWWVoAw9Tg5elq//Wm6+/sdaoPULr9hgrWL5fQ+w5COjcw6rSCdV576Hzrm7eRbBYp85Ry3OW0TRPptNu6OjyYPLwqL4tr9bgmToML4QmPj1LO2FCnBPlnBw4BXjIA4B1Krmr0+SzsKYHjdqkqrdJUtB89G7URBJTcSaTosZRrfZWp4elsu56I7jNbWhte1ClXAMq05N+yme060bnRLuaE4miAPejCnIMhKl5i0XW+ZQjSNmmaVu10sgHe55m7/N+w7RFyoB4eR9Uqh8nUbIGQIhnPDr/ixkZroapW6tT429ZDPCV9P7UztAaftaJJD3nefZkdzeFrbsL5GN6vFsDj0jH1T1aDmYN3z/fPeQzUzCKv8Zivv7Cgkc5XTuNp9f2GKYui2Pg+gpq95r7HCUzx29upu14iILDemLYOZUiq6TohkPAODLZzPbM9c+sLrHsytPclbu+3azKt9r/ePwlqYeiyUQoCo2Fk1yMeKfuPWoDh3Kx+A1YBM8e====</Log>
		</Test>
		<Test Status="failed">
			<Name>template_string_parse_ut</Name>
			<Path>./test/cmd/isula/utils/template_string_parse</Path>
			<FullName>./test/cmd/isula/utils/template_string_parse/template_string_parse_ut</FullName>
			<FullCommandLine>/usr/bin/valgrind "--log-file=/root/iSulad/test/Testing/Temporary/MemoryChecker.30.log" "-q" "--tool=memcheck" "--leak-check=yes" "--show-reachable=yes" "--num-callers=50" "/root/iSulad/test/test/cmd/isula/utils/template_string_parse/template_string_parse_ut" "--gtest_output=xml:template_string_parse_ut-Results.xml"</FullCommandLine>
			<Results/>
			<Log compression="gzip" encoding="base64">eJyFVMtu2zAQvPsr9lYbsAQ0CYxAt6JN0EPQFk37AZS4kthQuwK59OPvu5STWK6bVidK5Mzuzgy12BrfBUe2Arg3YjxgCBzACEQxQdJYgYE2USOOCQJaF3BaL2bIXe+aHlyEwZA1wuEArZJIr59Gb0RfhkKYPTQ81I7MnwSNIWKBGiGiQBpLgE8oxvkI3CoPziuDCVjN0fP1BxhSlKLG4gWB9rX/8545IpAZULuWpsc41RmNCAbSA/mJEjyewZyWJ+D6lzLDzkkPkU8kjrqM9LbwjtK+2N9uis1NGbm8OqttIuR5W05ks3o+CoyBG4xRKeZH42GoWWVoAw9Tg5elq//Wm6+/sdaoPULr9hgrWL5fQ+w5COjcw6rSCdV576Hzrm7eRbBYp85Ry3OW0TRPptNu6OjyYPLwqL4tr9bgmToML4QmPj1LO2FCnBPlnBw4BXjIA4B1Krmr0+SzsKYHjdqkqrdJUtB89G7URBJTcSaTosZRrfZWp4elsu56I7jNbWhte1ClXAMq05N+yme060bnRLuaE4miAPejCnIMhKl5i0XW+ZQjSNmmaVu10sgHe55m7/N+w7RFyoB4eR9Uqh8nUbIGQIhnPDr/ixkZroapW6tT429ZDPCV9P7UztAaftaJJD3nefZkdzeFrbsL5GN6vFsDj0jH1T1aDmYN3z/fPeQzUzCKv8Zivv7Cgkc5XTuNp9f2GKYui2Pg+gpq95r7HCUzx29upu14iILDemLYOZUiq6TohkPAODLZzPbM9c+sLrHsytPclbu+3azKt9r/ePwlqYeiyUQoCo2Fk1yMeKfuPWoDh3Kx+A1YBM8e====</Log>
		</Test>
		<Test Status="failed">
			<Name>isulad-shim_ut</Name>
			<Path>./test/cmd/isulad-shim</Path>
			<FullName>./test/cmd/isulad-shim/isulad-shim_ut</FullName>
			<FullCommandLine>/usr/bin/valgrind "--log-file=/root/iSulad/test/Testing/Temporary/MemoryChecker.31.log" "-q" "--tool=memcheck" "--leak-check=yes" "--show-reachable=yes" "--num-callers=50" "/root/iSulad/test/test/cmd/isulad-shim/isulad-shim_ut" "--gtest_output=xml:isulad-shim_ut-Results.xml"</FullCommandLine>
			<Results/>
			<Log compression="gzip" encoding="base64">eJyFVMtu2zAQvPsr9lYbsAQ0CYxAt6JN0EPQFk37AZS4kthQuwK59OPvu5STWK6bVidK5Mzuzgy12BrfBUe2Arg3YjxgCBzACEQxQdJYgYE2USOOCQJaF3BaL2bIXe+aHlyEwZA1wuEArZJIr59Gb0RfhkKYPTQ81I7MnwSNIWKBGiGiQBpLgE8oxvkI3CoPziuDCVjN0fP1BxhSlKLG4gWB9rX/8545IpAZULuWpsc41RmNCAbSA/mJEjyewZyWJ+D6lzLDzkkPkU8kjrqM9LbwjtK+2N9uis1NGbm8OqttIuR5W05ks3o+CoyBG4xRKeZH42GoWWVoAw9Tg5elq//Wm6+/sdaoPULr9hgrWL5fQ+w5COjcw6rSCdV576Hzrm7eRbBYp85Ry3OW0TRPptNu6OjyYPLwqL4tr9bgmToML4QmPj1LO2FCnBPlnBw4BXjIA4B1Krmr0+SzsKYHjdqkqrdJUtB89G7URBJTcSaTosZRrfZWp4elsu56I7jNbWhte1ClXAMq05N+yme060bnRLuaE4miAPejCnIMhKl5i0XW+ZQjSNmmaVu10sgHe55m7/N+w7RFyoB4eR9Uqh8nUbIGQIhnPDr/ixkZroapW6tT429ZDPCV9P7UztAaftaJJD3nefZkdzeFrbsL5GN6vFsDj0jH1T1aDmYN3z/fPeQzUzCKv8Zivv7Cgkc5XTuNp9f2GKYui2Pg+gpq95r7HCUzx29upu14iILDemLYOZUiq6TohkPAODLZzPbM9c+sLrHsytPclbu+3azKt9r/ePwlqYeiyUQoCo2Fk1yMeKfuPWoDh3Kx+A1YBM8e====</Log>
		</Test>
		<Test Status="failed">
			<Name>lcr_rt_ops_ut</Name>
			<Path>./test/runtime/lcr</Path>
			<FullName>./test/runtime/lcr/lcr_rt_ops_ut</FullName>
			<FullCommandLine>/usr/bin/valgrind "--log-file=/root/iSulad/test/Testing/Temporary/MemoryChecker.32.log" "-q" "--tool=memcheck" "--leak-check=yes" "--show-reachable=yes" "--num-callers=50" "/root/iSulad/test/test/runtime/lcr/lcr_rt_ops_ut" "--gtest_output=xml:lcr_rt_ops_ut-Results.xml"</FullCommandLine>
			<Results/>
			<Log compression="gzip" encoding="base64">eJyFVMtu2zAQvPsr9lYbsAQ0CYxAt6JN0EPQFk37AZS4kthQuwK59OPvu5STWK6bVidK5Mzuzgy12BrfBUe2Arg3YjxgCBzACEQxQdJYgYE2USOOCQJaF3BaL2bIXe+aHlyEwZA1wuEArZJIr59Gb0RfhkKYPTQ81I7MnwSNIWKBGiGiQBpLgE8oxvkI3CoPziuDCVjN0fP1BxhSlKLG4gWB9rX/8545IpAZULuWpsc41RmNCAbSA/mJEjyewZyWJ+D6lzLDzkkPkU8kjrqM9LbwjtK+2N9uis1NGbm8OqttIuR5W05ks3o+CoyBG4xRKeZH42GoWWVoAw9Tg5elq//Wm6+/sdaoPULr9hgrWL5fQ+w5COjcw6rSCdV576Hzrm7eRbBYp85Ry3OW0TRPptNu6OjyYPLwqL4tr9bgmToML4QmPj1LO2FCnBPlnBw4BXjIA4B1Krmr0+SzsKYHjdqkqrdJUtB89G7URBJTcSaTosZRrfZWp4elsu56I7jNbWhte1ClXAMq05N+yme060bnRLuaE4miAPejCnIMhKl5i0XW+ZQjSNmmaVu10sgHe55m7/N+w7RFyoB4eR9Uqh8nUbIGQIhnPDr/ixkZroapW6tT429ZDPCV9P7UztAaftaJJD3nefZkdzeFrbsL5GN6vFsDj0jH1T1aDmYN3z/fPeQzUzCKv8Zivv7Cgkc5XTuNp9f2GKYui2Pg+gpq95r7HCUzx29upu14iILDemLYOZUiq6TohkPAODLZzPbM9c+sLrHsytPclbu+3azKt9r/ePwlqYeiyUQoCo2Fk1yMeKfuPWoDh3Kx+A1YBM8e====</Log>
		</Test>
		<Test Status="failed">
			<Name>isula_rt_ops_ut</Name>
			<Path>./test/runtime/isula</Path>
			<FullName>./test/runtime/isula/isula_rt_ops_ut</FullName>
			<FullCommandLine>/usr/bin/valgrind "--log-file=/root/iSulad/test/Testing/Temporary/MemoryChecker.33.log" "-q" "--tool=memcheck" "--leak-check=yes" "--show-reachable=yes" "--num-callers=50" "/root/iSulad/test/test/runtime/isula/isula_rt_ops_ut" "--gtest_output=xml:isula_rt_ops_ut-Results.xml"</FullCommandLine>
			<Results/>
			<Log compression="gzip" encoding="base64">eJyFVMtu2zAQvPsr9lYbsAQ0CYxAt6JN0EPQFk37AZS4kthQuwK59OPvu5STWK6bVidK5Mzuzgy12BrfBUe2Arg3YjxgCBzACEQxQdJYgYE2USOOCQJaF3BaL2bIXe+aHlyEwZA1wuEArZJIr59Gb0RfhkKYPTQ81I7MnwSNIWKBGiGiQBpLgE8oxvkI3CoPziuDCVjN0fP1BxhSlKLG4gWB9rX/8545IpAZULuWpsc41RmNCAbSA/mJEjyewZyWJ+D6lzLDzkkPkU8kjrqM9LbwjtK+2N9uis1NGbm8OqttIuR5W05ks3o+CoyBG4xRKeZH42GoWWVoAw9Tg5elq//Wm6+/sdaoPULr9hgrWL5fQ+w5COjcw6rSCdV576Hzrm7eRbBYp85Ry3OW0TRPptNu6OjyYPLwqL4tr9bgmToML4QmPj1LO2FCnBPlnBw4BXjIA4B1Krmr0+SzsKYHjdqkqrdJUtB89G7URBJTcSaTosZRrfZWp4elsu56I7jNbWhte1ClXAMq05N+yme060bnRLuaE4miAPejCnIMhKl5i0XW+ZQjSNmmaVu10sgHe55m7/N+w7RFyoB4eR9Uqh8nUbIGQIhnPDr/ixkZroapW6tT429ZDPCV9P7UztAaftaJJD3nefZkdzeFrbsL5GN6vFsDj0jH1T1aDmYN3z/fPeQzUzCKv8Zivv7Cgkc5XTuNp9f2GKYui2Pg+gpq95r7HCUzx29upu14iILDemLYOZUiq6TohkPAODLZzPbM9c+sLrHsytPclbu+3azKt9r/ePwlqYeiyUQoCo2Fk1yMeKfuPWoDh3Kx+A1YBM8e====</Log>
		</Test>
		<Test Status="failed">
			<Name>specs_ut</Name>
			<Path>./test/specs/specs</Path>
			<FullName>./test/specs/specs/specs_ut</FullName>
			<FullCommandLine>/usr/bin/valgrind "--log-file=/root/iSulad/test/Testing/Temporary/MemoryChecker.34.log" "-q" "--tool=memcheck" "--leak-check=yes" "--show-reachable=yes" "--num-callers=50" "/root/iSulad/test/test/specs/specs/specs_ut" "--gtest_output=xml:specs_ut-Results.xml"</FullCommandLine>
			<Results/>
			<Log compression="gzip" encoding="base64">eJyFVMtu2zAQvPsr9lYbsAQ0CYxAt6JN0EPQFk37AZS4kthQuwK59OPvu5STWK6bVidK5Mzuzgy12BrfBUe2Arg3YjxgCBzACEQxQdJYgYE2USOOCQJaF3BaL2bIXe+aHlyEwZA1wuEArZJIr59Gb0RfhkKYPTQ81I7MnwSNIWKBGiGiQBpLgE8oxvkI3CoPziuDCVjN0fP1BxhSlKLG4gWB9rX/8545IpAZULuWpsc41RmNCAbSA/mJEjyewZyWJ+D6lzLDzkkPkU8kjrqM9LbwjtK+2N9uis1NGbm8OqttIuR5W05ks3o+CoyBG4xRKeZH42GoWWVoAw9Tg5elq//Wm6+/sdaoPULr9hgrWL5fQ+w5COjcw6rSCdV576Hzrm7eRbBYp85Ry3OW0TRPptNu6OjyYPLwqL4tr9bgmToML4QmPj1LO2FCnBPlnBw4BXjIA4B1Krmr0+SzsKYHjdqkqrdJUtB89G7URBJTcSaTosZRrfZWp4elsu56I7jNbWhte1ClXAMq05N+yme060bnRLuaE4miAPejCnIMhKl5i0XW+ZQjSNmmaVu10sgHe55m7/N+w7RFyoB4eR9Uqh8nUbIGQIhnPDr/ixkZroapW6tT429ZDPCV9P7UztAaftaJJD3nefZkdzeFrbsL5GN6vFsDj0jH1T1aDmYN3z/fPeQzUzCKv8Zivv7Cgkc5XTuNp9f2GKYui2Pg+gpq95r7HCUzx29upu14iILDemLYOZUiq6TohkPAODLZzPbM9c+sLrHsytPclbu+3azKt9r/ePwlqYeiyUQoCo2Fk1yMeKfuPWoDh3Kx+A1YBM8e====</Log>
		</Test>
		<Test Status="failed">
			<Name>specs_extend_ut</Name>
			<Path>./test/specs/specs_extend</Path>
			<FullName>./test/specs/specs_extend/specs_extend_ut</FullName>
			<FullCommandLine>/usr/bin/valgrind "--log-file=/root/iSulad/test/Testing/Temporary/MemoryChecker.35.log" "-q" "--tool=memcheck" "--leak-check=yes" "--show-reachable=yes" "--num-callers=50" "/root/iSulad/test/test/specs/specs_extend/specs_extend_ut" "--gtest_output=xml:specs_extend_ut-Results.xml"</FullCommandLine>
			<Results/>
			<Log compression="gzip" encoding="base64">eJyFVMtu2zAQvPsr9lYbsAQ0CYxAt6JN0EPQFk37AZS4kthQuwK59OPvu5STWK6bVidK5Mzuzgy12BrfBUe2Arg3YjxgCBzACEQxQdJYgYE2USOOCQJaF3BaL2bIXe+aHlyEwZA1wuEArZJIr59Gb0RfhkKYPTQ81I7MnwSNIWKBGiGiQBpLgE8oxvkI3CoPziuDCVjN0fP1BxhSlKLG4gWB9rX/8545IpAZULuWpsc41RmNCAbSA/mJEjyewZyWJ+D6lzLDzkkPkU8kjrqM9LbwjtK+2N9uis1NGbm8OqttIuR5W05ks3o+CoyBG4xRKeZH42GoWWVoAw9Tg5elq//Wm6+/sdaoPULr9hgrWL5fQ+w5COjcw6rSCdV576Hzrm7eRbBYp85Ry3OW0TRPptNu6OjyYPLwqL4tr9bgmToML4QmPj1LO2FCnBPlnBw4BXjIA4B1Krmr0+SzsKYHjdqkqrdJUtB89G7URBJTcSaTosZRrfZWp4elsu56I7jNbWhte1ClXAMq05N+yme060bnRLuaE4miAPejCnIMhKl5i0XW+ZQjSNmmaVu10sgHe55m7/N+w7RFyoB4eR9Uqh8nUbIGQIhnPDr/ixkZroapW6tT429ZDPCV9P7UztAaftaJJD3nefZkdzeFrbsL5GN6vFsDj0jH1T1aDmYN3z/fPeQzUzCKv8Zivv7Cgkc5XTuNp9f2GKYui2Pg+gpq95r7HCUzx29upu14iILDemLYOZUiq6TohkPAODLZzPbM9c+sLrHsytPclbu+3azKt9r/ePwlqYeiyUQoCo2Fk1yMeKfuPWoDh3Kx+A1YBM8e====</Log>
		</Test>
		<Test Status="failed">
			<Name>selinux_label_ut</Name>
			<Path>./test/services/execution/spec</Path>
			<FullName>./test/services/execution/spec/selinux_label_ut</FullName>
			<FullCommandLine>/usr/bin/valgrind "--log-file=/root/iSulad/test/Testing/Temporary/MemoryChecker.36.log" "-q" "--tool=memcheck" "--leak-check=yes" "--show-reachable=yes" "--num-callers=50" "/root/iSulad/test/test/services/execution/spec/selinux_label_ut" "--gtest_output=xml:selinux_label_ut-Results.xml"</FullCommandLine>
			<Results/>
			<Log compression="gzip" encoding="base64">eJyFVMtu2zAQvPsr9lYbsAQ0CYxAt6JN0EPQFk37AZS4kthQuwK59OPvu5STWK6bVidK5Mzuzgy12BrfBUe2Arg3YjxgCBzACEQxQdJYgYE2USOOCQJaF3BaL2bIXe+aHlyEwZA1wuEArZJIr59Gb0RfhkKYPTQ81I7MnwSNIWKBGiGiQBpLgE8oxvkI3CoPziuDCVjN0fP1BxhSlKLG4gWB9rX/8545IpAZULuWpsc41RmNCAbSA/mJEjyewZyWJ+D6lzLDzkkPkU8kjrqM9LbwjtK+2N9uis1NGbm8OqttIuR5W05ks3o+CoyBG4xRKeZH42GoWWVoAw9Tg5elq//Wm6+/sdaoPULr9hgrWL5fQ+w5COjcw6rSCdV576Hzrm7eRbBYp85Ry3OW0TRPptNu6OjyYPLwqL4tr9bgmToML4QmPj1LO2FCnBPlnBw4BXjIA4B1Krmr0+SzsKYHjdqkqrdJUtB89G7URBJTcSaTosZRrfZWp4elsu56I7jNbWhte1ClXAMq05N+yme060bnRLuaE4miAPejCnIMhKl5i0XW+ZQjSNmmaVu10sgHe55m7/N+w7RFyoB4eR9Uqh8nUbIGQIhnPDr/ixkZroapW6tT429ZDPCV9P7UztAaftaJJD3nefZkdzeFrbsL5GN6vFsDj0jH1T1aDmYN3z/fPeQzUzCKv8Zivv7Cgkc5XTuNp9f2GKYui2Pg+gpq95r7HCUzx29upu14iILDemLYOZUiq6TohkPAODLZzPbM9c+sLrHsytPclbu+3azKt9r/ePwlqYeiyUQoCo2Fk1yMeKfuPWoDh3Kx+A1YBM8e====</Log>
		</Test>
		<Test Status="failed">
			<Name>selinux_label_mock_ut</Name>
			<Path>./test/services/execution/spec</Path>
			<FullName>./test/services/execution/spec/selinux_label_mock_ut</FullName>
			<FullCommandLine>/usr/bin/valgrind "--log-file=/root/iSulad/test/Testing/Temporary/MemoryChecker.37.log" "-q" "--tool=memcheck" "--leak-check=yes" "--show-reachable=yes" "--num-callers=50" "/root/iSulad/test/test/services/execution/spec/selinux_label_mock_ut" "--gtest_output=xml:selinux_label_mock_ut-Results.xml"</FullCommandLine>
			<Results/>
			<Log compression="gzip" encoding="base64">eJyFVMtu2zAQvPsr9lYbsAQ0CYxAt6JN0EPQFk37AZS4kthQuwK59OPvu5STWK6bVidK5Mzuzgy12BrfBUe2Arg3YjxgCBzACEQxQdJYgYE2USOOCQJaF3BaL2bIXe+aHlyEwZA1wuEArZJIr59Gb0RfhkKYPTQ81I7MnwSNIWKBGiGiQBpLgE8oxvkI3CoPziuDCVjN0fP1BxhSlKLG4gWB9rX/8545IpAZULuWpsc41RmNCAbSA/mJEjyewZyWJ+D6lzLDzkkPkU8kjrqM9LbwjtK+2N9uis1NGbm8OqttIuR5W05ks3o+CoyBG4xRKeZH42GoWWVoAw9Tg5elq//Wm6+/sdaoPULr9hgrWL5fQ+w5COjcw6rSCdV576Hzrm7eRbBYp85Ry3OW0TRPptNu6OjyYPLwqL4tr9bgmToML4QmPj1LO2FCnBPlnBw4BXjIA4B1Krmr0+SzsKYHjdqkqrdJUtB89G7URBJTcSaTosZRrfZWp4elsu56I7jNbWhte1ClXAMq05N+yme060bnRLuaE4miAPejCnIMhKl5i0XW+ZQjSNmmaVu10sgHe55m7/N+w7RFyoB4eR9Uqh8nUbIGQIhnPDr/ixkZroapW6tT429ZDPCV9P7UztAaftaJJD3nefZkdzeFrbsL5GN6vFsDj0jH1T1aDmYN3z/fPeQzUzCKv8Zivv7Cgkc5XTuNp9f2GKYui2Pg+gpq95r7HCUzx29upu14iILDemLYOZUiq6TohkPAODLZzPbM9c+sLrHsytPclbu+3azKt9r/ePwlqYeiyUQoCo2Fk1yMeKfuPWoDh3Kx+A1YBM8e====</Log>
		</Test>
		<Test Status="failed">
			<Name>execution_extend_ut</Name>
			<Path>./test/services/execution/execute/execution_extend</Path>
			<FullName>./test/services/execution/execute/execution_extend/execution_extend_ut</FullName>
			<FullCommandLine>/usr/bin/valgrind "--log-file=/root/iSulad/test/Testing/Temporary/MemoryChecker.38.log" "-q" "--tool=memcheck" "--leak-check=yes" "--show-reachable=yes" "--num-callers=50" "/root/iSulad/test/test/services/execution/execute/execution_extend/execution_extend_ut" "--gtest_output=xml:execution_extend_ut-Results.xml"</FullCommandLine>
			<Results/>
			<Log compression="gzip" encoding="base64">eJyFVMtu2zAQvPsr9lYbsAQ0CYxAt6JN0EPQFk37AZS4kthQuwK59OPvu5STWK6bVidK5Mzuzgy12BrfBUe2Arg3YjxgCBzACEQxQdJYgYE2USOOCQJaF3BaL2bIXe+aHlyEwZA1wuEArZJIr59Gb0RfhkKYPTQ81I7MnwSNIWKBGiGiQBpLgE8oxvkI3CoPziuDCVjN0fP1BxhSlKLG4gWB9rX/8545IpAZULuWpsc41RmNCAbSA/mJEjyewZyWJ+D6lzLDzkkPkU8kjrqM9LbwjtK+2N9uis1NGbm8OqttIuR5W05ks3o+CoyBG4xRKeZH42GoWWVoAw9Tg5elq//Wm6+/sdaoPULr9hgrWL5fQ+w5COjcw6rSCdV576Hzrm7eRbBYp85Ry3OW0TRPptNu6OjyYPLwqL4tr9bgmToML4QmPj1LO2FCnBPlnBw4BXjIA4B1Krmr0+SzsKYHjdqkqrdJUtB89G7URBJTcSaTosZRrfZWp4elsu56I7jNbWhte1ClXAMq05N+yme060bnRLuaE4miAPejCnIMhKl5i0XW+ZQjSNmmaVu10sgHe55m7/N+w7RFyoB4eR9Uqh8nUbIGQIhnPDr/ixkZroapW6tT429ZDPCV9P7UztAaftaJJD3nefZkdzeFrbsL5GN6vFsDj0jH1T1aDmYN3z/fPeQzUzCKv8Zivv7Cgkc5XTuNp9f2GKYui2Pg+gpq95r7HCUzx29upu14iILDemLYOZUiq6TohkPAODLZzPbM9c+sLrHsytPclbu+3azKt9r/ePwlqYeiyUQoCo2Fk1yMeKfuPWoDh3Kx+A1YBM8e====</Log>
		</Test>
		<Test Status="failed">
			<Name>network_ns_ut</Name>
			<Path>./test/network</Path>
			<FullName>./test/network/network_ns_ut</FullName>
			<FullCommandLine>/usr/bin/valgrind "--log-file=/root/iSulad/test/Testing/Temporary/MemoryChecker.39.log" "-q" "--tool=memcheck" "--leak-check=yes" "--show-reachable=yes" "--num-callers=50" "/root/iSulad/test/test/network/network_ns_ut" "--gtest_output=xml:network_ns_ut-Results.xml"</FullCommandLine>
			<Results/>
			<Log compression="gzip" encoding="base64">eJyFVMtu2zAQvPsr9lYbsAQ0CYxAt6JN0EPQFk37AZS4kthQuwK59OPvu5STWK6bVidK5Mzuzgy12BrfBUe2Arg3YjxgCBzACEQxQdJYgYE2USOOCQJaF3BaL2bIXe+aHlyEwZA1wuEArZJIr59Gb0RfhkKYPTQ81I7MnwSNIWKBGiGiQBpLgE8oxvkI3CoPziuDCVjN0fP1BxhSlKLG4gWB9rX/8545IpAZULuWpsc41RmNCAbSA/mJEjyewZyWJ+D6lzLDzkkPkU8kjrqM9LbwjtK+2N9uis1NGbm8OqttIuR5W05ks3o+CoyBG4xRKeZH42GoWWVoAw9Tg5elq//Wm6+/sdaoPULr9hgrWL5fQ+w5COjcw6rSCdV576Hzrm7eRbBYp85Ry3OW0TRPptNu6OjyYPLwqL4tr9bgmToML4QmPj1LO2FCnBPlnBw4BXjIA4B1Krmr0+SzsKYHjdqkqrdJUtB89G7URBJTcSaTosZRrfZWp4elsu56I7jNbWhte1ClXAMq05N+yme060bnRLuaE4miAPejCnIMhKl5i0XW+ZQjSNmmaVu10sgHe55m7/N+w7RFyoB4eR9Uqh8nUbIGQIhnPDr/ixkZroapW6tT429ZDPCV9P7UztAaftaJJD3nefZkdzeFrbsL5GN6vFsDj0jH1T1aDmYN3z/fPeQzUzCKv8Zivv7Cgkc5XTuNp9f2GKYui2Pg+gpq95r7HCUzx29upu14iILDemLYOZUiq6TohkPAODLZzPbM9c+sLrHsytPclbu+3azKt9r/ePwlqYeiyUQoCo2Fk1yMeKfuPWoDh3Kx+A1YBM8e====</Log>
		</Test>
		<Test Status="failed">
			<Name>volume_ut</Name>
			<Path>./test/volume</Path>
			<FullName>./test/volume/volume_ut</FullName>
			<FullCommandLine>/usr/bin/valgrind "--log-file=/root/iSulad/test/Testing/Temporary/MemoryChecker.40.log" "-q" "--tool=memcheck" "--leak-check=yes" "--show-reachable=yes" "--num-callers=50" "/root/iSulad/test/test/volume/volume_ut" "--gtest_output=xml:volume_ut-Results.xml"</FullCommandLine>
			<Results/>
			<Log compression="gzip" encoding="base64">eJyFVMtu2zAQvPsr9lYbsAQ0CYxAt6JN0EPQFk37AZS4kthQuwK59OPvu5STWK6bVidK5Mzuzgy12BrfBUe2Arg3YjxgCBzACEQxQdJYgYE2USOOCQJaF3BaL2bIXe+aHlyEwZA1wuEArZJIr59Gb0RfhkKYPTQ81I7MnwSNIWKBGiGiQBpLgE8oxvkI3CoPziuDCVjN0fP1BxhSlKLG4gWB9rX/8545IpAZULuWpsc41RmNCAbSA/mJEjyewZyWJ+D6lzLDzkkPkU8kjrqM9LbwjtK+2N9uis1NGbm8OqttIuR5W05ks3o+CoyBG4xRKeZH42GoWWVoAw9Tg5elq//Wm6+/sdaoPULr9hgrWL5fQ+w5COjcw6rSCdV576Hzrm7eRbBYp85Ry3OW0TRPptNu6OjyYPLwqL4tr9bgmToML4QmPj1LO2FCnBPlnBw4BXjIA4B1Krmr0+SzsKYHjdqkqrdJUtB89G7URBJTcSaTosZRrfZWp4elsu56I7jNbWhte1ClXAMq05N+yme060bnRLuaE4miAPejCnIMhKl5i0XW+ZQjSNmmaVu10sgHe55m7/N+w7RFyoB4eR9Uqh8nUbIGQIhnPDr/ixkZroapW6tT429ZDPCV9P7UztAaftaJJD3nefZkdzeFrbsL5GN6vFsDj0jH1T1aDmYN3z/fPeQzUzCKv8Zivv7Cgkc5XTuNp9f2GKYui2Pg+gpq95r7HCUzx29upu14iILDemLYOZUiq6TohkPAODLZzPbM9c+sLrHsytPclbu+3azKt9r/ePwlqYeiyUQoCo2Fk1yMeKfuPWoDh3Kx+A1YBM8e====</Log>
		</Test>
		<Test Status="failed">
			<Name>cgroup_cpu_ut</Name>
			<Path>./test/cgroup/cpu</Path>
			<FullName>./test/cgroup/cpu/cgroup_cpu_ut</FullName>
			<FullCommandLine>/usr/bin/valgrind "--log-file=/root/iSulad/test/Testing/Temporary/MemoryChecker.41.log" "-q" "--tool=memcheck" "--leak-check=yes" "--show-reachable=yes" "--num-callers=50" "/root/iSulad/test/test/cgroup/cpu/cgroup_cpu_ut" "--gtest_output=xml:cgroup_cpu_ut-Results.xml"</FullCommandLine>
			<Results/>
			<Log compression="gzip" encoding="base64">eJyFVMtu2zAQvPsr9lYbsAQ0CYxAt6JN0EPQFk37AZS4kthQuwK59OPvu5STWK6bVidK5Mzuzgy12BrfBUe2Arg3YjxgCBzACEQxQdJYgYE2USOOCQJaF3BaL2bIXe+aHlyEwZA1wuEArZJIr59Gb0RfhkKYPTQ81I7MnwSNIWKBGiGiQBpLgE8oxvkI3CoPziuDCVjN0fP1BxhSlKLG4gWB9rX/8545IpAZULuWpsc41RmNCAbSA/mJEjyewZyWJ+D6lzLDzkkPkU8kjrqM9LbwjtK+2N9uis1NGbm8OqttIuR5W05ks3o+CoyBG4xRKeZH42GoWWVoAw9Tg5elq//Wm6+/sdaoPULr9hgrWL5fQ+w5COjcw6rSCdV576Hzrm7eRbBYp85Ry3OW0TRPptNu6OjyYPLwqL4tr9bgmToML4QmPj1LO2FCnBPlnBw4BXjIA4B1Krmr0+SzsKYHjdqkqrdJUtB89G7URBJTcSaTosZRrfZWp4elsu56I7jNbWhte1ClXAMq05N+yme060bnRLuaE4miAPejCnIMhKl5i0XW+ZQjSNmmaVu10sgHe55m7/N+w7RFyoB4eR9Uqh8nUbIGQIhnPDr/ixkZroapW6tT429ZDPCV9P7UztAaftaJJD3nefZkdzeFrbsL5GN6vFsDj0jH1T1aDmYN3z/fPeQzUzCKv8Zivv7Cgkc5XTuNp9f2GKYui2Pg+gpq95r7HCUzx29upu14iILDemLYOZUiq6TohkPAODLZzPbM9c+sLrHsytPclbu+3azKt9r/ePwlqYeiyUQoCo2Fk1yMeKfuPWoDh3Kx+A1YBM8e====</Log>
		</Test>
		<DefectList/>
		<EndDateTime>Feb 17 19:36 CST</EndDateTime>
		<EndTestTime>1676633816</EndTestTime>
		<ElapsedMinutes>0</ElapsedMinutes>
	</DynamicAnalysis>
</Site>
